
======evaluation round 1==========

====intraNode network evaluation====
====measuring latency====
====interNode network evaluation====
====measuring latency====
101,806.63,205743
Run 2:
83,301.91,21084
Run 3:
102,878.22,20346
Run 4:
132,884.45,21647
Run 5:
67,846.59,10265
Average: 97.00,743.56,55817.00

====measuring throughput====
131072  16384  16384    30.00    13912.98   
Run 2:
131072  16384  16384    30.00    13407.84   
Run 3:
131072  16384  16384    30.00    14751.25   
Run 4:
131072  16384  16384    30.00    14647.82   
Run 5:
131072  16384  16384    30.00    13055.23   
Average: 131072.00,16386.80,16384.00,30.00,13955.02,0.00


======evaluation round 2==========

====intraNode network evaluation====
====measuring latency====
====interNode network evaluation====
====measuring latency====
114,884.95,19420
Run 2:
108,910.05,21446
Run 3:
102,860.89,22711
Run 4:
87,681.71,20957
Run 5:
69,181.34,10541
Average: 96.00,703.79,19015.00

====measuring throughput====
131072  16384  16384    30.00    15036.07   
Run 2:
131072  16384  16384    30.00    15968.62   
Run 3:
131072  16384  16384    30.00    15148.93   
Run 4:
131072  16384  16384    30.00    14817.24   
Run 5:
131072  16384  16384    30.00    14294.55   
Average: 131072.00,16386.80,16384.00,30.00,15053.08,0.00


======evaluation round 3==========

====intraNode network evaluation====
====measuring latency====
====interNode network evaluation====
====measuring latency====
73,243.03,24640
Run 2:
98,906.63,14294
Run 3:
129,985.85,22783
Run 4:
126,979.07,20622
Run 5:
69,812.19,21563
Average: 99.00,785.35,20780.40

====measuring throughput====
131072  16384  16384    30.00    15119.90   
Run 2:
131072  16384  16384    30.00    14234.46   
Run 3:
131072  16384  16384    30.00    14873.47   
Run 4:
131072  16384  16384    30.00    14377.43   
Run 5:
131072  16384  16384    30.00    15308.63   
Average: 131072.00,16386.80,16384.00,30.00,14782.78,0.00


======evaluation round 4==========

====intraNode network evaluation====
====measuring latency====
====interNode network evaluation====
====measuring latency====
82,671.53,28743
Run 2:
71,724.82,22006
Run 3:
108,895.01,21747
Run 4:
93,869.24,21904
Run 5:
107,845.53,22043
Average: 92.20,801.23,23288.60

====measuring throughput====
131072  16384  16384    30.00    14376.88   
Run 2:
131072  16384  16384    30.00    14948.98   
Run 3:
131072  16384  16384    30.00    14682.49   
Run 4:
131072  16384  16384    30.00    14995.41   
Run 5:
131072  16384  16384    30.00    15286.57   
Average: 131072.00,16386.80,16384.00,30.00,14858.07,0.00


======evaluation round 5==========

====intraNode network evaluation====
====measuring latency====
====interNode network evaluation====
====measuring latency====
121,994.28,21455
Run 2:
98,993.22,10445
Run 3:
77,983.39,20803
Run 4:
197,986.43,23738
Run 5:
107,961.03,13515
Average: 120.00,983.67,17991.20

====measuring throughput====
131072  16384  16384    30.00    14028.65   
Run 2:
131072  16384  16384    30.00    15782.18   
Run 3:
131072  16384  16384    30.00    15770.49   
Run 4:
131072  16384  16384    30.00    13581.75   
Run 5:
131072  16384  16384    30.00    14910.24   
Average: 131072.00,16386.80,16384.00,30.00,14814.66,0.00


======evaluation round 6==========

====intraNode network evaluation====
====measuring latency====
====interNode network evaluation====
====measuring latency====
77,493.72,20245
Run 2:
78,876.16,13824
Run 3:
164,899.26,20735
Run 4:
69,596.04,16413
Run 5:
61,166.58,21738
Average: 89.80,606.35,18591.00

====measuring throughput====
131072  16384  16384    30.00    13701.92   
Run 2:
131072  16384  16384    30.00    14191.60   
Run 3:
131072  16384  16384    30.00    14709.01   
Run 4:
131072  16384  16384    30.00    14563.54   
Run 5:
131072  16384  16384    30.00    15116.79   
Average: 131072.00,16386.80,16384.00,30.00,14456.57,0.00


======evaluation round 7==========

====intraNode network evaluation====
====measuring latency====
====interNode network evaluation====
====measuring latency====
119,988.06,19510
Run 2:
115,893.76,21184
Run 3:
90,830.38,20445
Run 4:
73,443.00,11006
Run 5:
59,110.45,13512
Average: 91.20,653.13,17131.40

====measuring throughput====
131072  16384  16384    30.00    14503.10   
Run 2:
131072  16384  16384    30.00    15734.33   
Run 3:
131072  16384  16384    30.00    15054.10   
Run 4:
131072  16384  16384    30.00    14866.85   
Run 5:
131072  16384  16384    30.00    14690.85   
Average: 131072.00,16386.80,16384.00,30.00,14969.85,0.00


======evaluation round 1==========

====intraNode network evaluation====
====measuring latency====
====interNode network evaluation====
====measuring latency====
205,1016.64,9363
Run 2:
102,945.31,20199
Run 3:
122,1000.55,22223
Run 4:
99,925.90,8656
Run 5:
172,1000.11,21695
Average: 140.00,977.70,16427.20

====measuring throughput====
131072  16384  16384    10.00    13327.95   
Run 2:
131072  16384  16384    10.00    18517.32   
Run 3:
131072  16384  16384    10.00    14679.97   
Run 4:
131072  16384  16384    10.00    13207.12   
Run 5:
131072  16384  16384    10.00    14573.15   
Average: 131072.00,16386.80,16384.00,10.00,14861.10,0.00


======evaluation round 2==========

====intraNode network evaluation====
====measuring latency====
====interNode network evaluation====
====measuring latency====
80,604.22,10508
Run 2:
121,862.11,10807
Run 3:
66,821.27,7679
Run 4:
90,742.02,9112
Run 5:
87,873.33,17769
Average: 88.80,780.59,11175.00

====measuring throughput====
131072  16384  16384    10.00    11694.87   
Run 2:
131072  16384  16384    10.00    16116.07   
Run 3:
131072  16384  16384    10.00    17170.95   
Run 4:
131072  16384  16384    10.00    19015.51   
Run 5:
131072  16384  16384    10.00    16448.93   
Average: 131072.00,16386.80,16384.00,10.00,16089.27,0.00


======evaluation round 3==========

====intraNode network evaluation====
====measuring latency====
====interNode network evaluation====
====measuring latency====
106,800.69,10387
Run 2:
101,773.86,21272
Run 3:
134,893.70,20195
Run 4:
99,656.87,20354
Run 5:
256,896.40,12036
Average: 139.20,804.30,16848.80

====measuring throughput====
131072  16384  16384    10.00    14823.67   
Run 2:
131072  16384  16384    10.00    17020.29   
Run 3:
131072  16384  16384    10.00    16113.12   
Run 4:
131072  16384  16384    10.00    13549.91   
Run 5:
131072  16384  16384    10.00    14613.86   
Average: 131072.00,16386.80,16384.00,10.00,15224.17,0.00

