
======evaluation round 1==========

====intraNode network evaluation====
====measuring latency====
9,13.24,10569
Run 2:
9,12.82,8093
Run 3:
9,13.89,15478
Run 4:
9,13.61,13863
Run 5:
9,12.74,5294
Average: 9.00,13.26,10659.40

====measuring throughput====
131072  16384  16384    30.00    13919.82   
Run 2:
131072  16384  16384    30.00    14040.05   
Run 3:
131072  16384  16384    30.00    14230.51   
Run 4:
131072  16384  16384    30.00    14118.08   
Run 5:
131072  16384  16384    30.00    14337.62   
Average: 131072.00,16386.80,16384.00,30.00,14129.22,0.00
====interNode network evaluation====
====measuring latency====
79,234.96,9949
Run 2:
92,401.86,16851
Run 3:
228,937.83,10382
Run 4:
138,921.78,12185
Run 5:
262,972.10,13304
Average: 159.80,693.71,12534.20

====measuring throughput====
131072  16384  16384    30.00    14875.49   
Run 2:
131072  16384  16384    30.00    15351.02   
Run 3:
131072  16384  16384    30.00    15485.77   
Run 4:
131072  16384  16384    30.00    11168.84   
Run 5:
131072  16384  16384    30.00    11874.31   
Average: 131072.00,16386.80,16384.00,30.00,13751.09,0.00


======evaluation round 2==========

====intraNode network evaluation====
====measuring latency====
9,12.91,12165
Run 2:
9,12.84,6881
Run 3:
9,13.38,10398
Run 4:
9,13.77,11053
Run 5:
9,12.75,12885
Average: 9.00,13.13,10676.40

====measuring throughput====
131072  16384  16384    30.00    14402.92   
Run 2:
131072  16384  16384    30.00    13770.50   
Run 3:
131072  16384  16384    30.00    13587.51   
Run 4:
131072  16384  16384    30.00    14145.84   
Run 5:
131072  16384  16384    30.00    14406.55   
Average: 131072.00,16386.80,16384.00,30.00,14062.66,0.00
====interNode network evaluation====
====measuring latency====
75,196.72,12505
Run 2:
134,922.01,9987
Run 3:
76,904.52,9056
Run 4:
118,921.24,12163
Run 5:
102,581.25,11039
Average: 101.00,705.15,10950.00

====measuring throughput====
131072  16384  16384    30.00    14139.68   
Run 2:
131072  16384  16384    30.00    15211.17   
Run 3:
131072  16384  16384    30.00    14467.22   
Run 4:
131072  16384  16384    30.00    16953.91   
Run 5:
131072  16384  16384    30.00    14478.20   
Average: 131072.00,16386.80,16384.00,30.00,15050.04,0.00


======evaluation round 3==========

====intraNode network evaluation====
====measuring latency====
9,12.20,9451
Run 2:
9,13.19,10244
Run 3:
9,11.96,4726
Run 4:
9,13.32,7464
Run 5:
9,13.41,10070
Average: 9.00,12.82,8391.00

====measuring throughput====
131072  16384  16384    30.00    14521.34   
Run 2:
131072  16384  16384    30.00    14470.98   
Run 3:
131072  16384  16384    30.00    14218.75   
Run 4:
131072  16384  16384    30.00    14241.18   
Run 5:
131072  16384  16384    30.00    14151.29   
Average: 131072.00,16386.80,16384.00,30.00,14320.71,0.00
====interNode network evaluation====
====measuring latency====
70,105.12,10615
Run 2:
70,116.47,11560
Run 3:
114,930.86,10148
Run 4:
71,153.84,8040
Run 5:
74,128.68,12769
Average: 79.80,286.99,10626.40

====measuring throughput====
131072  16384  16384    30.00    14732.02   
Run 2:
131072  16384  16384    30.00    15455.82   
Run 3:
131072  16384  16384    30.00    13876.59   
Run 4:
131072  16384  16384    30.00    13186.76   
Run 5:
131072  16384  16384    30.00    15917.72   
Average: 131072.00,16386.80,16384.00,30.00,14633.78,0.00


======evaluation round 4==========

====intraNode network evaluation====
====measuring latency====
9,14.02,7336
Run 2:
9,16.00,11012
Run 3:
9,12.58,8041
Run 4:
9,14.89,12615
Run 5:
9,15.63,8552
Average: 9.00,14.62,9511.20

====measuring throughput====
131072  16384  16384    30.00    13217.24   
Run 2:
131072  16384  16384    30.00    14463.65   
Run 3:
131072  16384  16384    30.00    14203.94   
Run 4:
131072  16384  16384    30.00    14310.34   
Run 5:
131072  16384  16384    30.00    13777.04   
Average: 131072.00,16386.80,16384.00,30.00,13994.44,0.00
====interNode network evaluation====
====measuring latency====
71,104.75,13978
Run 2:
72,105.98,13796
Run 3:
67,108.85,10802
Run 4:
56,320.57,12939
Run 5:
113,941.72,10941
Average: 75.80,316.37,12491.20

====measuring throughput====
131072  16384  16384    30.00    14493.96   
Run 2:
131072  16384  16384    30.00    14992.53   
Run 3:
131072  16384  16384    30.00    14091.02   
Run 4:
131072  16384  16384    30.00    15291.49   
Run 5:
131072  16384  16384    30.00    17575.19   
Average: 131072.00,16386.80,16384.00,30.00,15288.84,0.00


======evaluation round 5==========

====intraNode network evaluation====
====measuring latency====
9,14.23,13266
Run 2:
9,12.10,8538
Run 3:
9,12.93,7985
Run 4:
9,12.98,11290
Run 5:
9,13.29,9456
Average: 9.00,13.11,10107.00

====measuring throughput====
131072  16384  16384    30.00    14008.74   
Run 2:
131072  16384  16384    30.00    14461.97   
Run 3:
131072  16384  16384    30.00    14077.93   
Run 4:
131072  16384  16384    30.00    13922.63   
Run 5:
131072  16384  16384    30.00    14650.68   
Average: 131072.00,16386.80,16384.00,30.00,14224.39,0.00
====interNode network evaluation====
====measuring latency====
74,407.02,9423
Run 2:
75,117.70,10464
Run 3:
75,129.16,9934
Run 4:
188,1037.63,13031
Run 5:
163,1031.14,11869
Average: 115.00,544.53,10944.20

====measuring throughput====
131072  16384  16384    30.00    16253.78   
Run 2:
131072  16384  16384    30.00    15818.40   
Run 3:
131072  16384  16384    30.00    14028.56   
Run 4:
131072  16384  16384    30.00    15690.89   
Run 5:
131072  16384  16384    30.00    13933.11   
Average: 131072.00,16386.80,16384.00,30.00,15144.95,0.00


======evaluation round 6==========

====intraNode network evaluation====
====measuring latency====
9,11.91,9646
Run 2:
9,12.74,9374
Run 3:
9,14.13,8729
Run 4:
9,12.57,6399
Run 5:
9,13.84,9116
Average: 9.00,13.04,8652.80

====measuring throughput====
131072  16384  16384    30.00    14486.70   
Run 2:
131072  16384  16384    30.00    14344.68   
Run 3:
131072  16384  16384    30.00    14311.21   
Run 4:
131072  16384  16384    30.00    13996.04   
Run 5:
131072  16384  16384    30.00    13953.41   
Average: 131072.00,16386.80,16384.00,30.00,14218.41,0.00
====interNode network evaluation====
====measuring latency====
85,399.97,11068
Run 2:
107,916.25,14840
Run 3:
67,821.87,9450
Run 4:
266,939.34,9647
Run 5:
231,927.57,9328
Average: 151.20,801.00,10866.60

====measuring throughput====
131072  16384  16384    30.00    13381.80   
Run 2:
131072  16384  16384    30.00    15757.76   
Run 3:
131072  16384  16384    30.00    14306.53   
Run 4:
131072  16384  16384    30.00    14498.47   
Run 5:
131072  16384  16384    30.00    15113.76   
Average: 131072.00,16386.80,16384.00,30.00,14611.66,0.00


======evaluation round 7==========

====intraNode network evaluation====
====measuring latency====
9,11.44,8561
Run 2:
9,12.60,8645
Run 3:
9,12.40,7874
Run 4:
9,12.99,9252
Run 5:
9,11.97,11589
Average: 9.00,12.28,9184.20

====measuring throughput====
131072  16384  16384    30.00    13342.05   
Run 2:
131072  16384  16384    30.00    13930.87   
Run 3:
131072  16384  16384    30.00    13903.25   
Run 4:
131072  16384  16384    30.00    13915.18   
Run 5:
131072  16384  16384    30.00    14453.81   
Average: 131072.00,16386.80,16384.00,30.00,13909.03,0.00
====interNode network evaluation====
====measuring latency====
51,104.45,9358
Run 2:
83,281.03,11896
Run 3:
346,1057.72,12734
Run 4:
94,910.61,11921
Run 5:
129,939.39,14579
Average: 140.60,658.64,12097.60

====measuring throughput====
131072  16384  16384    30.00    17158.68   
Run 2:
131072  16384  16384    30.00    14260.92   
Run 3:
131072  16384  16384    30.00    14845.14   
Run 4:
131072  16384  16384    30.00    16518.55   
Run 5:
131072  16384  16384    30.00    14947.07   
Average: 131072.00,16386.80,16384.00,30.00,15546.07,0.00


======evaluation round 8==========

====intraNode network evaluation====
====measuring latency====
9,12.57,10224
Run 2:
9,12.84,8332
Run 3:
9,12.82,6539
Run 4:
9,12.15,7748
Run 5:
9,11.74,13808
Average: 9.00,12.42,9330.20

====measuring throughput====
131072  16384  16384    30.00    14238.08   
Run 2:
131072  16384  16384    30.00    14251.07   
Run 3:
131072  16384  16384    30.00    14138.00   
Run 4:
131072  16384  16384    30.00    14482.08   
Run 5:
131072  16384  16384    30.00    14320.23   
Average: 131072.00,16386.80,16384.00,30.00,14285.89,0.00
====interNode network evaluation====
====measuring latency====
58,108.79,10315
Run 2:
92,954.96,11819
Run 3:
260,1017.05,14168
Run 4:
355,973.66,8566
Run 5:
367,999.63,15082
Average: 226.40,810.82,11990.00

====measuring throughput====
131072  16384  16384    30.00    15644.99   
Run 2:
131072  16384  16384    30.00    15113.97   
Run 3:
131072  16384  16384    30.00    14527.36   
Run 4:
131072  16384  16384    30.00    15683.90   
Run 5:
131072  16384  16384    30.00    16923.13   
Average: 131072.00,16386.80,16384.00,30.00,15578.67,0.00


======evaluation round 9==========

====intraNode network evaluation====
====measuring latency====
9,13.62,8413
Run 2:
9,14.55,9710
Run 3:
9,14.56,5868
Run 4:
9,12.88,7828
Run 5:
9,13.78,8778
Average: 9.00,13.88,8119.40

====measuring throughput====
131072  16384  16384    30.00    13576.41   
Run 2:
131072  16384  16384    30.00    14178.63   
Run 3:
131072  16384  16384    30.00    14025.71   
Run 4:
131072  16384  16384    30.00    14234.51   
Run 5:
131072  16384  16384    30.00    14411.04   
Average: 131072.00,16386.80,16384.00,30.00,14085.26,0.00
====interNode network evaluation====
====measuring latency====
80,115.76,8786
Run 2:
74,106.53,8384
Run 3:
78,410.10,14415
Run 4:
247,935.74,9853
Run 5:
291,924.99,12891
Average: 154.00,498.62,10865.80

====measuring throughput====
131072  16384  16384    30.00    15873.91   
Run 2:
131072  16384  16384    30.00    15458.15   
Run 3:
131072  16384  16384    30.00    15211.02   
Run 4:
131072  16384  16384    30.00    13877.71   
Run 5:
131072  16384  16384    30.00    14302.25   
Average: 131072.00,16386.80,16384.00,30.00,14944.61,0.00


======evaluation round 10==========

====intraNode network evaluation====
====measuring latency====
9,13.46,12097
Run 2:
9,11.85,12026
Run 3:
9,13.01,15091
Run 4:
9,13.22,9853
Run 5:
9,13.98,7977
Average: 9.00,13.10,11408.80

====measuring throughput====
131072  16384  16384    30.00    13806.52   
Run 2:
131072  16384  16384    30.00    14581.09   
Run 3:
131072  16384  16384    30.00    14388.21   
Run 4:
131072  16384  16384    30.00    13982.59   
Run 5:
131072  16384  16384    30.00    14421.72   
Average: 131072.00,16386.80,16384.00,30.00,14236.03,0.00
====interNode network evaluation====
====measuring latency====
75,107.18,10526
Run 2:
73,252.36,12199
Run 3:
88,896.72,11853
Run 4:
360,932.19,12161
Run 5:
106,828.23,13819
Average: 140.40,603.34,12111.60

====measuring throughput====
131072  16384  16384    30.00    14724.74   
Run 2:
131072  16384  16384    30.00    16178.03   
Run 3:
131072  16384  16384    30.00    16227.52   
Run 4:
131072  16384  16384    30.00    16090.83   
Run 5:
131072  16384  16384    30.00    15824.45   
Average: 131072.00,16386.80,16384.00,30.00,15809.11,0.00

