
======evaluation round 1==========

====interNode network evaluation====
====measuring latency====
133,914.38,19006
Run 2:
78,726.44,9048
Run 3:
134,890.81,11937
Run 4:
132,911.10,10186
Run 5:
119,904.43,9303
Average: 119.20,869.43,11896.00

====measuring throughput====
131072  16384  16384    10.00    14251.42   
Run 2:
131072  16384  16384    10.00    15757.49   
Run 3:
131072  16384  16384    10.00    14668.96   
Run 4:
131072  16384  16384    10.00    16056.40   
Run 5:
131072  16384  16384    10.00    16323.06   
Average: 131072.00,16386.80,16384.00,10.00,15411.47,0.00


======evaluation round 2==========

====interNode network evaluation====
====measuring latency====
96,666.17,13373
Run 2:
146,891.41,9704
Run 3:
128,878.42,13356
Run 4:
195,908.00,11416
Run 5:
102,559.71,13196
Average: 133.40,780.74,12209.00

====measuring throughput====
131072  16384  16384    10.00    14748.16   
Run 2:
131072  16384  16384    10.00    15097.43   
Run 3:
131072  16384  16384    10.00    15910.49   
Run 4:
131072  16384  16384    10.00    15637.78   
Run 5:
131072  16384  16384    10.00    15055.99   
Average: 131072.00,16386.80,16384.00,10.00,15289.97,0.00


======evaluation round 3==========

====interNode network evaluation====
====measuring latency====
105,884.98,12552
Run 2:
67,717.13,12223
Run 3:
129,884.33,10340
Run 4:
75,836.46,10232
Run 5:
90,230.70,21536
Average: 93.20,710.72,13376.60

====measuring throughput====
131072  16384  16384    10.00    14451.46   
Run 2:
131072  16384  16384    10.00    14680.28   
Run 3:
131072  16384  16384    10.00    16173.05   
Run 4:
131072  16384  16384    10.00    14974.48   
Run 5:
131072  16384  16384    10.00    14921.06   
Average: 131072.00,16386.80,16384.00,10.00,15040.07,0.00


======evaluation round 4==========

====interNode network evaluation====
====measuring latency====
72,319.71,15504
Run 2:
177,885.87,18571
Run 3:
106,891.30,9530
Run 4:
121,895.58,18191
Run 5:
258,895.18,8547
Average: 146.80,777.53,14068.60

====measuring throughput====
131072  16384  16384    10.00    14676.41   
Run 2:
131072  16384  16384    10.00    15919.95   
Run 3:
131072  16384  16384    10.00    16402.90   
Run 4:
131072  16384  16384    10.00    15155.75   
Run 5:
131072  16384  16384    10.00    14906.76   
Average: 131072.00,16386.80,16384.00,10.00,15412.35,0.00


======evaluation round 5==========

====interNode network evaluation====
====measuring latency====
94,200.61,20564
Run 2:
106,719.79,18929
Run 3:
195,883.91,8936
Run 4:
88,793.67,11441
Run 5:
89,231.17,23098
Average: 114.40,565.83,16593.60

====measuring throughput====
131072  16384  16384    10.00    17283.69   
Run 2:
131072  16384  16384    10.00    16743.10   
Run 3:
131072  16384  16384    10.00    17100.29   
Run 4:
131072  16384  16384    10.00    15061.25   
Run 5:
131072  16384  16384    10.00    12970.77   
Average: 131072.00,16386.80,16384.00,10.00,15831.82,0.00


======evaluation round 6==========

====interNode network evaluation====
====measuring latency====
100,406.27,18859
Run 2:
130,862.94,20911
Run 3:
228,905.21,16145
Run 4:
162,893.35,20826
Run 5:
116,899.66,10128
Average: 147.20,793.49,17373.80

====measuring throughput====
131072  16384  16384    10.00    17137.85   
Run 2:
131072  16384  16384    10.00    16891.88   
Run 3:
131072  16384  16384    10.00    17291.15   
Run 4:
131072  16384  16384    10.00    14335.61   
Run 5:
131072  16384  16384    10.00    14330.49   
Average: 131072.00,16386.80,16384.00,10.00,15997.40,0.00


======evaluation round 7==========

====interNode network evaluation====
====measuring latency====
83,309.21,22546
Run 2:
106,528.38,8449
Run 3:
131,891.69,21605
Run 4:
144,895.21,8977
Run 5:
154,877.65,9675
Average: 123.60,700.43,14250.40

====measuring throughput====
131072  16384  16384    10.00    16248.37   
Run 2:
131072  16384  16384    10.00    15557.86   
Run 3:
131072  16384  16384    10.00    14356.18   
Run 4:
131072  16384  16384    10.00    13417.68   
Run 5:
131072  16384  16384    10.00    13618.10   
Average: 131072.00,16386.80,16384.00,10.00,14639.64,0.00


======evaluation round 8==========

====interNode network evaluation====
====measuring latency====
79,745.50,18264
Run 2:
287,898.44,21238
Run 3:
171,890.94,9826
Run 4:
132,892.20,8156
Run 5:
138,892.98,22344
Average: 161.40,864.01,15965.60

====measuring throughput====
131072  16384  16384    10.00    14053.73   
Run 2:
131072  16384  16384    10.00    15944.21   
Run 3:
131072  16384  16384    10.00    15467.07   
Run 4:
131072  16384  16384    10.00    16017.69   
Run 5:
131072  16384  16384    10.00    15157.45   
Average: 131072.00,16386.80,16384.00,10.00,15328.03,0.00


======evaluation round 9==========

====interNode network evaluation====
====measuring latency====
136,939.46,11454
Run 2:
67,729.61,8159
Run 3:
143,875.02,9564
Run 4:
84,838.11,10350
Run 5:
79,837.52,8661
Average: 101.80,843.94,9637.60

====measuring throughput====
131072  16384  16384    10.00    13416.80   
Run 2:
131072  16384  16384    10.00    11566.31   
Run 3:
131072  16384  16384    10.00    13850.75   
Run 4:
131072  16384  16384    10.00    15913.58   
Run 5:
131072  16384  16384    10.00    15383.37   
Average: 131072.00,16386.80,16384.00,10.00,14026.16,0.00


======evaluation round 10==========

====interNode network evaluation====
====measuring latency====
87,843.05,7904
Run 2:
210,894.26,21199
Run 3:
125,871.65,9472
Run 4:
149,878.63,23048
Run 5:
351,922.59,11663
Average: 184.40,882.04,14657.20

====measuring throughput====
131072  16384  16384    10.00    14335.20   
Run 2:
131072  16384  16384    10.00    15364.06   
Run 3:
131072  16384  16384    10.00    15069.14   
Run 4:
131072  16384  16384    10.00    14815.55   
Run 5:
131072  16384  16384    10.00    17469.97   
Average: 131072.00,16386.80,16384.00,10.00,15410.78,0.00

