

======evaluation round 1==========

====intraNode network evaluation====
====measuring latency====
====interNode network evaluation====
====measuring latency====
107,840.51,25520
Run 2:
183,930.11,21849
Run 3:
170,935.54,9170
Run 4:
147,906.13,21102
Run 5:
124,891.81,7898
Average: 146.20,900.82,17107.80

====measuring throughput====
131072  16384  16384    10.00    14261.35   
Run 2:
131072  16384  16384    10.00    14880.12   
Run 3:
131072  16384  16384    10.00    20572.17   
Run 4:
131072  16384  16384    10.00    16110.22   
Run 5:
131072  16384  16384    10.00    16082.68   
Average: 131072.00,16386.80,16384.00,10.00,16381.31,0.00


======evaluation round 2==========

====intraNode network evaluation====
====measuring latency====
====interNode network evaluation====
====measuring latency====
74,113.01,9203
Run 2:
75,220.02,9565
Run 3:
153,913.50,22216
Run 4:
124,872.90,9560
Run 5:
156,880.97,22044
Average: 116.40,600.08,14517.60

====measuring throughput====
131072  16384  16384    10.00    14399.98   
Run 2:
131072  16384  16384    10.00    14746.51   
Run 3:
131072  16384  16384    10.00    15973.88   
Run 4:
131072  16384  16384    10.00    15082.35   
Run 5:
131072  16384  16384    10.00    15405.86   
Average: 131072.00,16386.80,16384.00,10.00,15121.72,0.00


======evaluation round 3==========

====intraNode network evaluation====
====measuring latency====
====interNode network evaluation====
====measuring latency====
209,1017.36,21047
Run 2:
225,1028.61,21848
Run 3:
189,1004.46,10715
Run 4:
292,998.17,21938
Run 5:
130,981.25,12041
Average: 209.00,1005.97,17517.80

====measuring throughput====
131072  16384  16384    10.00    11103.13   
Run 2:
131072  16384  16384    10.00    21340.08   
Run 3:
131072  16384  16384    10.00    15021.79   
Run 4:
131072  16384  16384    10.00    14531.47   
Run 5:
131072  16384  16384    10.00    10308.90   
Average: 131072.00,16386.80,16384.00,10.00,14461.07,0.00


======evaluation round 4==========

====intraNode network evaluation====
====measuring latency====
====interNode network evaluation====
====measuring latency====
89,444.85,10149
Run 2:
149,1009.75,14560
Run 3:
258,992.78,20505
Run 4:
139,894.17,10181
Run 5:
244,909.30,10768
Average: 175.80,850.17,13232.60

====measuring throughput====
131072  16384  16384    10.00    13478.25   
Run 2:
131072  16384  16384    10.00    16297.96   
Run 3:
131072  16384  16384    10.00    14469.67   
Run 4:
131072  16384  16384    10.00    14690.66   
Run 5:
131072  16384  16384    10.00    15720.32   
Average: 131072.00,16386.80,16384.00,10.00,14931.37,0.00


======evaluation round 5==========

====intraNode network evaluation====
====measuring latency====
====interNode network evaluation====
====measuring latency====
221,982.67,21659
Run 2:
237,1006.17,9541
Run 3:
340,1017.06,9973
Run 4:
249,1030.97,23122
Run 5:
268,1023.28,13882
Average: 263.00,1012.03,15635.40

====measuring throughput====
131072  16384  16384    10.00    13450.80   
Run 2:
131072  16384  16384    10.00    15774.68   
Run 3:
131072  16384  16384    10.00    13729.06   
Run 4:
131072  16384  16384    10.00    15728.16   
Run 5:
131072  16384  16384    10.00    16249.11   
Average: 131072.00,16386.80,16384.00,10.00,14986.36,0.00


======evaluation round 6==========

====intraNode network evaluation====
====measuring latency====
====interNode network evaluation====
====measuring latency====
77,114.75,10536
Run 2:
75,113.08,10032
Run 3:
82,394.53,10142
Run 4:
135,998.44,19179
Run 5:
270,976.48,8953
Average: 127.80,519.46,11768.40

====measuring throughput====
131072  16384  16384    10.00    11878.40   
Run 2:
131072  16384  16384    10.00    14553.56   
Run 3:
131072  16384  16384    10.00    15280.94   
Run 4:
131072  16384  16384    10.00    12143.33   
Run 5:
131072  16384  16384    10.00    11522.19   
Average: 131072.00,16386.80,16384.00,10.00,13075.68,0.00


======evaluation round 7==========

====intraNode network evaluation====
====measuring latency====
====interNode network evaluation====
====measuring latency====
106,790.83,18275
Run 2:
209,893.93,13972
Run 3:
135,873.33,19377
Run 4:
147,880.39,9973
Run 5:
172,905.05,9467
Average: 153.80,868.71,14212.80

====measuring throughput====
131072  16384  16384    10.00    15202.79   
Run 2:
131072  16384  16384    10.00    10284.77   
Run 3:
131072  16384  16384    10.00    13419.24   
Run 4:
131072  16384  16384    10.00    10572.70   
Run 5:
131072  16384  16384    10.00    12129.69   
Average: 131072.00,16386.80,16384.00,10.00,12321.84,0.00


======evaluation round 8==========

====intraNode network evaluation====
====measuring latency====
====interNode network evaluation====
====measuring latency====
88,298.39,7393
Run 2:
206,891.48,21208
Run 3:
91,460.58,15151
Run 4:
89,614.04,25962
Run 5:
74,144.12,8476
Average: 109.60,481.72,15638.00

====measuring throughput====
131072  16384  16384    10.00    14656.07   
Run 2:
131072  16384  16384    10.00    18562.17   
Run 3:
131072  16384  16384    10.00    14068.73   
Run 4:
131072  16384  16384    10.00    14068.06   
Run 5:
131072  16384  16384    10.00    14669.33   
Average: 131072.00,16386.80,16384.00,10.00,15204.87,0.00


======evaluation round 9==========

====intraNode network evaluation====
====measuring latency====
====interNode network evaluation====
====measuring latency====
112,707.32,18829
Run 2:
81,697.87,19212
Run 3:
98,869.64,9998
Run 4:
108,889.11,7988
Run 5:
126,878.54,13257
Average: 105.00,808.50,13856.80

====measuring throughput====
131072  16384  16384    10.00    14824.41   
Run 2:
131072  16384  16384    10.00    13082.80   
Run 3:
131072  16384  16384    10.00    14015.87   
Run 4:
131072  16384  16384    10.00    13021.74   
Run 5:
131072  16384  16384    10.00    14845.28   
Average: 131072.00,16386.80,16384.00,10.00,13958.02,0.00


======evaluation round 10==========

====intraNode network evaluation====
====measuring latency====
====interNode network evaluation====
====measuring latency====
101,844.07,10235
Run 2:
190,920.50,10456
Run 3:
208,906.21,17699
Run 4:
85,306.02,18360
Run 5:
94,866.96,9581
Average: 135.60,768.75,13266.20

====measuring throughput====
131072  16384  16384    10.00    15123.14   
Run 2:
131072  16384  16384    10.00    16059.53   
Run 3:
131072  16384  16384    10.00    15342.47   
Run 4:
131072  16384  16384    10.00    14105.55   
Run 5:
131072  16384  16384    10.00    16830.27   
Average: 131072.00,16386.80,16384.00,10.00,15492.19,0.00

