
======evaluation round 1==========

====intraNode network evaluation====
====measuring latency====
9,12.53,7650
Run 2:
9,11.45,8028
Run 3:
9,15.14,10018
Run 4:
9,12.91,7283
Run 5:
9,11.30,7512
Average: 9.00,12.67,8098.20

====measuring throughput====
131072  16384  16384    30.00    14161.44   
Run 2:
131072  16384  16384    30.00    14421.68   
Run 3:
131072  16384  16384    30.00    13728.71   
Run 4:
131072  16384  16384    30.00    14203.29   
Run 5:
131072  16384  16384    30.00    14081.01   
Average: 131072.00,16386.80,16384.00,30.00,14119.23,0.00
====interNode network evaluation====
====measuring latency====
89,301.29,11630
Run 2:
95,932.07,9510
Run 3:
316,943.79,13758
Run 4:
74,105.30,12092
Run 5:
71,108.97,9899
Average: 129.00,478.28,11377.80

====measuring throughput====
131072  16384  16384    30.00    15943.80   
Run 2:
131072  16384  16384    30.00    15116.02   
Run 3:
131072  16384  16384    30.00    16340.94   
Run 4:
131072  16384  16384    30.00    16043.93   
Run 5:
131072  16384  16384    30.00    16136.53   
Average: 131072.00,16386.80,16384.00,30.00,15916.24,0.00


======evaluation round 2==========

====intraNode network evaluation====
====measuring latency====
9,14.62,9214
Run 2:
9,12.77,7365
Run 3:
9,12.56,11258
Run 4:
9,14.30,11953
Run 5:
9,12.11,13035
Average: 9.00,13.27,10565.00

====measuring throughput====
131072  16384  16384    30.00    14213.41   
Run 2:
131072  16384  16384    30.00    13922.78   
Run 3:
131072  16384  16384    30.00    14251.79   
Run 4:
131072  16384  16384    30.00    14539.56   
Run 5:
131072  16384  16384    30.00    14172.89   
Average: 131072.00,16386.80,16384.00,30.00,14220.09,0.00
====interNode network evaluation====
====measuring latency====
74,106.25,9026
Run 2:
79,107.92,11634
Run 3:
77,206.05,12150
Run 4:
93,562.21,9177
Run 5:
74,218.63,11439
Average: 79.40,240.21,10685.20

====measuring throughput====
131072  16384  16384    30.00    15394.62   
Run 2:
131072  16384  16384    30.00    14553.93   
Run 3:
131072  16384  16384    30.00    15294.04   
Run 4:
131072  16384  16384    30.00    12584.90   
Run 5:
131072  16384  16384    30.00    15043.70   
Average: 131072.00,16386.80,16384.00,30.00,14574.24,0.00


======evaluation round 3==========

====intraNode network evaluation====
====measuring latency====
8,14.39,9631
Run 2:
9,12.21,11916
Run 3:
9,14.21,10731
Run 4:
9,11.64,9751
Run 5:
9,14.74,8853
Average: 8.80,13.44,10176.40

====measuring throughput====
131072  16384  16384    30.00    13396.28   
Run 2:
131072  16384  16384    30.00    14151.89   
Run 3:
131072  16384  16384    30.00    14514.09   
Run 4:
131072  16384  16384    30.00    14146.36   
Run 5:
131072  16384  16384    30.00    14052.39   
Average: 131072.00,16386.80,16384.00,30.00,14052.20,0.00
====interNode network evaluation====
====measuring latency====
70,112.63,8395
Run 2:
57,107.35,9640
Run 3:
73,108.21,9342
Run 4:
75,113.53,10856
Run 5:
140,1046.26,14749
Average: 83.00,297.60,10596.40

====measuring throughput====
131072  16384  16384    30.00    13901.44   
Run 2:
131072  16384  16384    30.00    14381.04   
Run 3:
131072  16384  16384    30.00    14554.69   
Run 4:
131072  16384  16384    30.00    15816.77   
Run 5:
131072  16384  16384    30.00    15296.78   
Average: 131072.00,16386.80,16384.00,30.00,14790.14,0.00


======evaluation round 4==========

====intraNode network evaluation====
====measuring latency====
9,13.60,13834
Run 2:
9,14.18,8280
Run 3:
9,14.45,7924
Run 4:
9,13.64,8424
Run 5:
9,14.06,9519
Average: 9.00,13.99,9596.20

====measuring throughput====
131072  16384  16384    30.00    13798.80   
Run 2:
131072  16384  16384    30.00    14258.78   
Run 3:
131072  16384  16384    30.00    13728.01   
Run 4:
131072  16384  16384    30.00    13681.91   
Run 5:
131072  16384  16384    30.00    14237.62   
Average: 131072.00,16386.80,16384.00,30.00,13941.02,0.00
====interNode network evaluation====
====measuring latency====
75,112.04,7692
Run 2:
88,787.57,10485
Run 3:
77,376.31,12485
Run 4:
117,934.66,10841
Run 5:
199,956.47,11400
Average: 111.20,633.41,10580.60

====measuring throughput====
131072  16384  16384    30.00    12966.06   
Run 2:
131072  16384  16384    30.00    14697.29   
Run 3:
131072  16384  16384    30.00    14874.67   
Run 4:
131072  16384  16384    30.00    14494.10   
Run 5:
131072  16384  16384    30.00    16111.77   
Average: 131072.00,16386.80,16384.00,30.00,14628.78,0.00


======evaluation round 5==========

====intraNode network evaluation====
====measuring latency====
9,14.76,11988
Run 2:
9,12.04,11149
Run 3:
9,13.59,6217
Run 4:
9,11.81,7800
Run 5:
9,14.23,7342
Average: 9.00,13.29,8899.20

====measuring throughput====
131072  16384  16384    30.00    13831.25   
Run 2:
131072  16384  16384    30.00    14155.19   
Run 3:
131072  16384  16384    30.00    14852.26   
Run 4:
131072  16384  16384    30.00    14153.73   
Run 5:
131072  16384  16384    30.00    14529.57   
Average: 131072.00,16386.80,16384.00,30.00,14304.40,0.00
====interNode network evaluation====
====measuring latency====
73,108.42,9893
Run 2:
71,110.28,8727
Run 3:
74,110.35,9279
Run 4:
85,893.87,9324
Run 5:
132,941.66,9790
Average: 87.00,432.92,9402.60

====measuring throughput====
131072  16384  16384    30.00    15766.23   
Run 2:
131072  16384  16384    30.00    16022.68   
Run 3:
131072  16384  16384    30.00    16701.73   
Run 4:
131072  16384  16384    30.00    14963.61   
Run 5:
131072  16384  16384    30.00    15721.35   
Average: 131072.00,16386.80,16384.00,30.00,15835.12,0.00


======evaluation round 6==========

====intraNode network evaluation====
====measuring latency====
9,13.26,5806
Run 2:
9,12.44,11388
Run 3:
9,13.69,6016
Run 4:
9,12.72,10037
Run 5:
9,14.14,8225
Average: 9.00,13.25,8294.40

====measuring throughput====
131072  16384  16384    30.00    14018.05   
Run 2:
131072  16384  16384    30.00    14420.51   
Run 3:
131072  16384  16384    30.00    13813.03   
Run 4:
131072  16384  16384    30.00    14208.38   
Run 5:
131072  16384  16384    30.00    14354.35   
Average: 131072.00,16386.80,16384.00,30.00,14162.86,0.00
====interNode network evaluation====
====measuring latency====
97,646.56,12991
Run 2:
158,955.93,12492
Run 3:
346,943.83,11105
Run 4:
143,973.44,12699
Run 5:
368,968.46,11259
Average: 222.40,897.64,12109.20

====measuring throughput====
131072  16384  16384    30.00    12092.23   
Run 2:
131072  16384  16384    30.00    15129.61   
Run 3:
131072  16384  16384    30.00    16291.68   
Run 4:
131072  16384  16384    30.00    14763.80   
Run 5:
131072  16384  16384    30.00    15690.09   
Average: 131072.00,16386.80,16384.00,30.00,14793.48,0.00


======evaluation round 7==========

====intraNode network evaluation====
====measuring latency====
9,15.28,9328
Run 2:
9,13.96,8815
Run 3:
9,12.12,8882
Run 4:
9,13.05,11995
Run 5:
9,12.41,12584
Average: 9.00,13.36,10320.80

====measuring throughput====
131072  16384  16384    30.00    13833.99   
Run 2:
131072  16384  16384    30.00    14556.17   
Run 3:
131072  16384  16384    30.00    14210.20   
Run 4:
131072  16384  16384    30.00    14278.13   
Run 5:
131072  16384  16384    30.00    14523.38   
Average: 131072.00,16386.80,16384.00,30.00,14280.37,0.00
====interNode network evaluation====
====measuring latency====
81,156.10,10574
Run 2:
81,909.56,15459
Run 3:
139,933.50,17378
Run 4:
129,950.90,12515
Run 5:
115,921.42,11029
Average: 109.00,774.30,13391.00

====measuring throughput====
131072  16384  16384    30.00    15686.32   
Run 2:
131072  16384  16384    30.00    16125.06   
Run 3:
131072  16384  16384    30.00    14874.36   
Run 4:
131072  16384  16384    30.01    15319.22   
Run 5:
131072  16384  16384    30.00    17233.49   
Average: 131072.00,16386.80,16384.00,30.00,15847.69,0.00


======evaluation round 8==========

====intraNode network evaluation====
====measuring latency====
9,13.91,7867
Run 2:
9,14.58,10451
Run 3:
9,14.74,9893
Run 4:
9,12.10,10653
Run 5:
9,11.59,7504
Average: 9.00,13.38,9273.60

====measuring throughput====
131072  16384  16384    30.00    13812.86   
Run 2:
131072  16384  16384    30.00    14127.10   
Run 3:
131072  16384  16384    30.00    14219.20   
Run 4:
131072  16384  16384    30.00    13525.69   
Run 5:
131072  16384  16384    30.00    14632.90   
Average: 131072.00,16386.80,16384.00,30.00,14063.55,0.00
====interNode network evaluation====
====measuring latency====
75,107.39,9903
Run 2:
71,103.64,8349
Run 3:
72,135.56,10089
Run 4:
88,316.82,11178
Run 5:
154,953.45,12891
Average: 92.00,323.37,10482.00

====measuring throughput====
131072  16384  16384    30.00    15363.83   
Run 2:
131072  16384  16384    30.00    16391.19   
Run 3:
131072  16384  16384    30.00    13033.56   
Run 4:
131072  16384  16384    30.00    14817.14   
Run 5:
131072  16384  16384    30.00    15944.60   
Average: 131072.00,16386.80,16384.00,30.00,15110.06,0.00


======evaluation round 9==========

====intraNode network evaluation====
====measuring latency====
9,13.61,13554
Run 2:
9,13.82,11295
Run 3:
9,12.87,11693
Run 4:
9,12.19,8242
Run 5:
9,12.06,9537
Average: 9.00,12.91,10864.20

====measuring throughput====
131072  16384  16384    30.00    13883.52   
Run 2:
131072  16384  16384    30.00    14140.97   
Run 3:
131072  16384  16384    30.00    14211.45   
Run 4:
131072  16384  16384    30.00    14405.33   
Run 5:
131072  16384  16384    30.00    14350.89   
Average: 131072.00,16386.80,16384.00,30.00,14198.43,0.00
====interNode network evaluation====
====measuring latency====
71,106.60,8212
Run 2:
73,162.08,8373
Run 3:
176,1040.87,13644
Run 4:
248,949.22,18462
Run 5:
352,935.39,11476
Average: 184.00,638.83,12033.40

====measuring throughput====
131072  16384  16384    30.00    14726.76   
Run 2:
131072  16384  16384    30.00    17894.35   
Run 3:
131072  16384  16384    30.00    17084.41   
Run 4:
131072  16384  16384    30.00    15374.28   
Run 5:
131072  16384  16384    30.00    14546.79   
Average: 131072.00,16386.80,16384.00,30.00,15925.32,0.00


======evaluation round 10==========

====intraNode network evaluation====
====measuring latency====
9,11.42,5998
Run 2:
9,12.87,14269
Run 3:
9,15.19,8771
Run 4:
9,12.03,11454
Run 5:
9,12.78,7102
Average: 9.00,12.86,9518.80

====measuring throughput====
131072  16384  16384    30.00    14095.96   
Run 2:
131072  16384  16384    30.00    14580.18   
Run 3:
131072  16384  16384    30.00    13811.14   
Run 4:
131072  16384  16384    30.00    14187.53   
Run 5:
131072  16384  16384    30.00    14366.78   
Average: 131072.00,16386.80,16384.00,30.00,14208.32,0.00
====interNode network evaluation====
====measuring latency====
72,107.20,9108
Run 2:
72,107.23,8822
Run 3:
71,105.59,8492
Run 4:
72,103.06,9217
Run 5:
82,219.66,12074
Average: 73.80,128.55,9542.60

====measuring throughput====
131072  16384  16384    30.00    15191.33   
Run 2:
131072  16384  16384    30.00    15364.16   
Run 3:
131072  16384  16384    30.00    15711.37   
Run 4:
131072  16384  16384    30.00    12750.92   
Run 5:
131072  16384  16384    30.00    14271.98   
Average: 131072.00,16386.80,16384.00,30.00,14657.95,0.00

