
======evaluation round 1==========

====intraNode network evaluation====
====measuring latency====
9,16.98,10647
Run 2:
9,13.09,6510
Run 3:
9,14.78,13862
Run 4:
9,15.15,10026
Run 5:
9,13.20,7969
Run 6:
9,12.11,8889
Run 7:
9,11.76,7998
Run 8:
9,12.54,5798
Run 9:
9,12.75,9510
Run 10:
9,14.84,11519
Average: 9.00,13.72,9272.80

====measuring throughput====
131072  16384  16384    30.00    13324.05   
Run 2:
131072  16384  16384    30.00    13448.55   
Run 3:
131072  16384  16384    30.00    12961.41   
Run 4:
131072  16384  16384    30.00    13524.52   
Run 5:
131072  16384  16384    30.00    13301.85   
Run 6:
131072  16384  16384    30.00    13546.63   
Run 7:
131072  16384  16384    30.00    13416.49   
Run 8:
131072  16384  16384    30.00    13307.48   
Run 9:
131072  16384  16384    30.00    13336.77   
Run 10:
131072  16384  16384    30.00    13125.44   
Average: 131072.00,16389.40,16384.00,30.00,13329.32,0.00
====interNode network evaluation====
====measuring latency====
74,114.10,10660
Run 2:
75,108.35,8184
Run 3:
74,111.66,9371
Run 4:
78,112.80,9706
Run 5:
75,110.02,12072
Run 6:
72,110.96,10463
Run 7:
77,111.40,11995
Run 8:
66,110.45,8374
Run 9:
74,110.32,11224
Run 10:
75,113.83,9709
Average: 74.00,111.39,10175.80

====measuring throughput====
131072  16384  16384    30.00    12101.28   
Run 2:
131072  16384  16384    30.00    11304.98   
Run 3:
131072  16384  16384    30.00    12976.98   
Run 4:
131072  16384  16384    30.00    12207.08   
Run 5:
131072  16384  16384    30.00    12474.97   
Run 6:
131072  16384  16384    30.00    12425.10   
Run 7:
131072  16384  16384    30.00    15574.65   
Run 8:
131072  16384  16384    30.00    13877.78   
Run 9:
131072  16384  16384    30.00    12499.75   
Run 10:
131072  16384  16384    30.00    12043.99   
Average: 131072.00,16389.40,16384.00,30.00,12748.66,0.00


======evaluation round 2==========

====intraNode network evaluation====
====measuring latency====
9,14.52,7793
Run 2:
9,14.63,9448
Run 3:
9,14.73,9880
Run 4:
9,14.32,7499
Run 5:
9,13.66,6664
Run 6:
9,12.97,6477
Run 7:
9,13.18,7462
Run 8:
9,12.80,15034
Run 9:
9,14.59,7211
Run 10:
9,14.72,8853
Average: 9.00,14.01,8632.10

====measuring throughput====
131072  16384  16384    30.00    12757.46   
Run 2:
131072  16384  16384    30.00    13244.31   
Run 3:
131072  16384  16384    30.00    13123.76   
Run 4:
131072  16384  16384    30.00    12288.15   
Run 5:
131072  16384  16384    30.00    13090.44   
Run 6:
131072  16384  16384    30.00    13287.09   
Run 7:
131072  16384  16384    30.00    13535.50   
Run 8:
131072  16384  16384    30.02    12344.40   
Run 9:
131072  16384  16384    30.00    13214.73   
Run 10:
131072  16384  16384    30.00    13158.74   
Average: 131072.00,16389.40,16384.00,30.00,13004.46,0.00
====interNode network evaluation====
====measuring latency====
76,111.22,12189
Run 2:
76,112.55,8209
Run 3:
73,110.43,10773
Run 4:
72,110.64,11012
Run 5:
76,111.59,9870
Run 6:
76,111.37,9752
Run 7:
76,111.58,8322
Run 8:
76,112.49,8096
Run 9:
75,112.41,11582
Run 10:
84,112.87,8262
Average: 76.00,111.72,9806.70

====measuring throughput====
131072  16384  16384    30.00    14093.45   
Run 2:
131072  16384  16384    30.00    14273.76   
Run 3:
131072  16384  16384    30.00    14256.50   
Run 4:
131072  16384  16384    30.00    11657.86   
Run 5:
131072  16384  16384    30.00    13464.55   
Run 6:
131072  16384  16384    30.00    13973.99   
Run 7:
131072  16384  16384    30.00    14944.80   
Run 8:
131072  16384  16384    30.00    14047.13   
Run 9:
131072  16384  16384    30.00    14371.91   
Run 10:
131072  16384  16384    30.00    12714.29   
Average: 131072.00,16389.40,16384.00,30.00,13779.82,0.00


======evaluation round 3==========

====intraNode network evaluation====
====measuring latency====
9,15.04,13235
Run 2:
9,12.43,11534
Run 3:
9,12.38,7632
Run 4:
9,15.43,10140
Run 5:
9,13.23,9186
Run 6:
9,15.44,5773
Run 7:
9,15.09,9276
Run 8:
9,13.71,7475
Run 9:
9,12.75,9461
Run 10:
9,13.39,8598
Average: 9.00,13.89,9231.00

====measuring throughput====
131072  16384  16384    30.00    12149.97   
Run 2:
131072  16384  16384    30.00    9642.99   
Run 3:
131072  16384  16384    30.00    10009.12   
Run 4:
131072  16384  16384    30.00    9968.65   
Run 5:
131072  16384  16384    30.00    11674.12   
Run 6:
131072  16384  16384    30.00    11084.03   
Run 7:
131072  16384  16384    30.00    13290.07   
Run 8:
131072  16384  16384    30.00    13337.42   
Run 9:
131072  16384  16384    30.00    11908.60   
Run 10:
131072  16384  16384    30.00    12139.21   
Average: 131072.00,16389.40,16384.00,30.00,11520.42,0.00
====interNode network evaluation====
====measuring latency====
78,111.46,9589
Run 2:
74,110.15,10594
Run 3:
73,109.38,9611
Run 4:
74,112.51,8898
Run 5:
82,114.41,9372
Run 6:
74,110.13,10112
Run 7:
58,109.37,11111
Run 8:
71,109.56,9923
Run 9:
73,109.43,9250
Run 10:
77,110.42,8962
Average: 73.40,110.68,9742.20

====measuring throughput====
131072  16384  16384    30.01    13192.99   
Run 2:
131072  16384  16384    30.00    14560.00   
Run 3:
131072  16384  16384    30.00    14319.03   
Run 4:
131072  16384  16384    30.00    14585.57   
Run 5:
131072  16384  16384    30.00    13971.06   
Run 6:
131072  16384  16384    30.00    12517.78   
Run 7:
131072  16384  16384    30.00    11590.68   
Run 8:
131072  16384  16384    30.00    12724.46   
Run 9:
131072  16384  16384    30.00    12420.76   
Run 10:
131072  16384  16384    30.00    11761.97   
Average: 131072.00,16389.40,16384.00,30.00,13164.43,0.00


======evaluation round 4==========

====intraNode network evaluation====
====measuring latency====
9,16.91,9364
Run 2:
9,13.41,10389
Run 3:
9,14.49,7859
Run 4:
9,12.88,9949
Run 5:
9,14.57,8093
Run 6:
9,14.16,9432
Run 7:
9,15.30,15724
Run 8:
9,14.21,8292
Run 9:
9,13.42,7650
Run 10:
9,14.04,11234
Average: 9.00,14.34,9798.60

====measuring throughput====
131072  16384  16384    30.00    10859.22   
Run 2:
131072  16384  16384    30.00    13221.58   
Run 3:
131072  16384  16384    30.00    13311.81   
Run 4:
131072  16384  16384    30.00    13199.32   
Run 5:
131072  16384  16384    30.00    13112.57   
Run 6:
131072  16384  16384    30.00    13154.10   
Run 7:
131072  16384  16384    30.00    13260.08   
Run 8:
131072  16384  16384    30.00    13283.44   
Run 9:
131072  16384  16384    30.00    13260.35   
Run 10:
131072  16384  16384    30.00    13445.76   
Average: 131072.00,16389.40,16384.00,30.00,13010.82,0.00
====interNode network evaluation====
====measuring latency====
77,115.42,12073
Run 2:
65,110.76,16984
Run 3:
74,109.56,7485
Run 4:
76,111.54,8234
Run 5:
74,110.57,10320
Run 6:
59,114.35,21578
Run 7:
76,111.68,10951
Run 8:
75,109.52,10418
Run 9:
74,112.22,8148
Run 10:
60,108.41,9939
Average: 71.00,111.40,11613.00

====measuring throughput====
131072  16384  16384    30.00    16109.92   
Run 2:
131072  16384  16384    30.00    16225.44   
Run 3:
131072  16384  16384    30.00    14820.88   
Run 4:
131072  16384  16384    30.00    15600.10   
Run 5:
131072  16384  16384    30.00    15199.32   
Run 6:
131072  16384  16384    30.00    15373.67   
Run 7:
131072  16384  16384    30.00    14997.43   
Run 8:
131072  16384  16384    30.00    15636.81   
Run 9:
131072  16384  16384    30.00    16372.62   
Run 10:
131072  16384  16384    30.00    16945.05   
Average: 131072.00,16389.40,16384.00,30.00,15728.12,0.00


======evaluation round 5==========

====intraNode network evaluation====
====measuring latency====
9,14.38,11447
Run 2:
9,14.03,11411
Run 3:
9,13.48,10060
Run 4:
9,13.11,8198
Run 5:
9,13.59,9264
Run 6:
9,11.82,6003
Run 7:
9,14.01,12185
Run 8:
9,13.86,10653
Run 9:
9,11.74,6980
Run 10:
9,14.33,11437
Average: 9.00,13.43,9763.80

====measuring throughput====
131072  16384  16384    30.00    14195.21   
Run 2:
131072  16384  16384    30.00    14109.88   
Run 3:
131072  16384  16384    30.00    13815.76   
Run 4:
131072  16384  16384    30.00    14224.25   
Run 5:
131072  16384  16384    30.00    14529.41   
Run 6:
131072  16384  16384    30.00    11069.92   
Run 7:
131072  16384  16384    30.00    9958.35   
Run 8:
131072  16384  16384    30.00    13685.37   
Run 9:
131072  16384  16384    30.00    14559.44   
Run 10:
131072  16384  16384    30.00    14309.70   
Average: 131072.00,16389.40,16384.00,30.00,13445.73,0.00
====interNode network evaluation====
====measuring latency====
81,430.04,13457
Run 2:
111,930.49,11445
Run 3:
93,949.90,11834
Run 4:
88,593.61,12661
Run 5:
66,660.96,9375
Run 6:
211,940.24,12006
Run 7:
106,838.92,12767
Run 8:
109,905.09,10517
Run 9:
123,940.57,14151
Run 10:
157,942.03,15873
Average: 114.50,813.18,12408.60

====measuring throughput====
131072  16384  16384    30.00    15092.18   
Run 2:
131072  16384  16384    30.00    14900.75   
Run 3:
131072  16384  16384    30.00    12552.54   
Run 4:
131072  16384  16384    30.00    11911.27   
Run 5:
131072  16384  16384    30.00    15496.14   
Run 6:
131072  16384  16384    30.00    14426.53   
Run 7:
131072  16384  16384    30.00    14032.91   
Run 8:
131072  16384  16384    30.00    15577.86   
Run 9:
131072  16384  16384    30.00    13806.20   
Run 10:
131072  16384  16384    30.00    14767.06   
Average: 131072.00,16389.40,16384.00,30.00,14256.34,0.00


======evaluation round 6==========

====intraNode network evaluation====
====measuring latency====
9,13.55,9454
Run 2:
8,15.11,8470
Run 3:
9,15.34,8284
Run 4:
9,12.27,13421
Run 5:
8,13.08,7201
Run 6:
9,12.62,11518
Run 7:
9,11.12,4631
Run 8:
9,12.53,8288
Run 9:
9,13.89,12903
Run 10:
9,15.57,10880
Average: 8.80,13.51,9505.00

====measuring throughput====
131072  16384  16384    30.00    13614.62   
Run 2:
131072  16384  16384    30.00    14188.66   
Run 3:
131072  16384  16384    30.00    14788.17   
Run 4:
131072  16384  16384    30.00    14319.57   
Run 5:
131072  16384  16384    30.00    13957.11   
Run 6:
131072  16384  16384    30.00    13755.65   
Run 7:
131072  16384  16384    30.00    14136.61   
Run 8:
131072  16384  16384    30.00    14129.14   
Run 9:
131072  16384  16384    30.00    14105.93   
Run 10:
131072  16384  16384    30.00    14677.11   
Average: 131072.00,16389.40,16384.00,30.00,14167.26,0.00
====interNode network evaluation====
====measuring latency====
82,323.65,12557
Run 2:
137,1025.31,11965
Run 3:
431,1041.80,13297
Run 4:
136,956.13,11300
Run 5:
144,942.34,12740
Run 6:
86,184.47,11955
Run 7:
73,105.88,11746
Run 8:
79,155.67,19122
Run 9:
128,938.00,8848
Run 10:
101,637.43,18047
Average: 139.70,631.07,13157.70

====measuring throughput====
131072  16384  16384    30.00    13757.31   
Run 2:
131072  16384  16384    30.00    15022.83   
Run 3:
131072  16384  16384    30.00    14115.06   
Run 4:
131072  16384  16384    30.00    16538.06   
Run 5:
131072  16384  16384    30.00    16021.09   
Run 6:
131072  16384  16384    30.00    15547.51   
Run 7:
131072  16384  16384    30.00    15546.65   
Run 8:
131072  16384  16384    30.00    15279.05   
Run 9:
131072  16384  16384    30.00    14629.38   
Run 10:
131072  16384  16384    30.00    14353.63   
Average: 131072.00,16389.40,16384.00,30.00,15081.06,0.00


======evaluation round 7==========

====intraNode network evaluation====
====measuring latency====
9,15.33,10488
Run 2:
9,13.52,6080
Run 3:
9,12.85,6506
Run 4:
9,14.96,9633
Run 5:
9,13.13,7421
Run 6:
9,13.52,6457
Run 7:
9,13.72,11017
Run 8:
9,13.82,11909
Run 9:
9,13.93,9139
Run 10:
9,14.56,7755
Average: 9.00,13.93,8640.50

====measuring throughput====
131072  16384  16384    30.00    14106.51   
Run 2:
131072  16384  16384    30.00    14500.07   
Run 3:
131072  16384  16384    30.00    14383.86   
Run 4:
131072  16384  16384    30.00    14616.82   
Run 5:
131072  16384  16384    30.00    14317.01   
Run 6:
131072  16384  16384    30.00    13996.79   
Run 7:
131072  16384  16384    30.00    14107.39   
Run 8:
131072  16384  16384    30.01    14348.78   
Run 9:
131072  16384  16384    30.00    14325.97   
Run 10:
131072  16384  16384    30.00    14392.30   
Average: 131072.00,16389.40,16384.00,30.00,14309.55,0.00
====interNode network evaluation====
====measuring latency====
80,317.46,11354
Run 2:
213,964.95,13553
Run 3:
375,962.36,11598
Run 4:
270,935.82,12418
Run 5:
83,485.26,11188
Run 6:
78,932.05,14539
Run 7:
238,1061.10,9811
Run 8:
164,1039.25,22275
Run 9:
325,1041.31,12231
Run 10:
121,972.78,14012
Average: 194.70,871.23,13297.90

====measuring throughput====
131072  16384  16384    30.00    14822.01   
Run 2:
131072  16384  16384    30.00    16473.54   
Run 3:
131072  16384  16384    30.00    15270.84   
Run 4:
131072  16384  16384    30.00    14772.27   
Run 5:
131072  16384  16384    30.00    15869.00   
Run 6:
131072  16384  16384    30.00    15341.46   
Run 7:
131072  16384  16384    30.00    15309.06   
Run 8:
131072  16384  16384    30.00    15547.05   
Run 9:
131072  16384  16384    30.00    15015.93   
Run 10:
131072  16384  16384    30.00    16402.90   
Average: 131072.00,16389.40,16384.00,30.00,15482.41,0.00


======evaluation round 8==========

====intraNode network evaluation====
====measuring latency====
9,11.57,7047
Run 2:
9,13.53,11537
Run 3:
9,12.94,10150
Run 4:
9,12.15,5866
Run 5:
9,11.86,7472
Run 6:
9,12.40,7430
Run 7:
9,11.73,12469
Run 8:
9,12.63,9877
Run 9:
9,13.33,16221
Run 10:
9,13.48,9904
Average: 9.00,12.56,9797.30

====measuring throughput====
131072  16384  16384    30.00    14502.60   
Run 2:
131072  16384  16384    30.00    14279.91   
Run 3:
131072  16384  16384    30.00    14687.48   
Run 4:
131072  16384  16384    30.00    14308.21   
Run 5:
131072  16384  16384    30.00    14340.98   
Run 6:
131072  16384  16384    30.00    14542.87   
Run 7:
131072  16384  16384    30.00    14510.86   
Run 8:
131072  16384  16384    30.00    14400.51   
Run 9:
131072  16384  16384    30.00    14528.56   
Run 10:
131072  16384  16384    30.00    13955.13   
Average: 131072.00,16389.40,16384.00,30.00,14405.71,0.00
====interNode network evaluation====
====measuring latency====
74,109.90,10486
Run 2:
110,796.99,12205
Run 3:
131,933.41,13445
Run 4:
86,901.40,10210
Run 5:
105,708.25,12967
Run 6:
131,921.25,10160
Run 7:
223,955.00,11238
Run 8:
103,924.41,10271
Run 9:
177,928.73,12027
Run 10:
100,917.40,11284
Average: 124.00,809.67,11429.30

====measuring throughput====
131072  16384  16384    30.00    15450.68   
Run 2:
131072  16384  16384    30.00    15528.57   
Run 3:
131072  16384  16384    30.00    14767.51   
Run 4:
131072  16384  16384    30.00    15238.75   
Run 5:
131072  16384  16384    30.00    15091.86   
Run 6:
131072  16384  16384    30.00    16226.30   
Run 7:
131072  16384  16384    30.00    14861.67   
Run 8:
131072  16384  16384    30.00    16190.70   
Run 9:
131072  16384  16384    30.00    15383.82   
Run 10:
131072  16384  16384    30.00    14986.82   
Average: 131072.00,16389.40,16384.00,30.00,15372.67,0.00


======evaluation round 9==========

====intraNode network evaluation====
====measuring latency====
9,13.52,9430
Run 2:
9,14.02,11063
Run 3:
9,11.71,8823
Run 4:
9,14.26,10761
Run 5:
9,14.20,10193
Run 6:
9,13.05,11124
Run 7:
9,12.80,7141
Run 8:
9,13.50,7414
Run 9:
9,14.42,8007
Run 10:
9,12.30,7672
Average: 9.00,13.38,9162.80

====measuring throughput====
131072  16384  16384    30.00    13562.63   
Run 2:
131072  16384  16384    30.00    13974.59   
Run 3:
131072  16384  16384    30.00    14298.61   
Run 4:
131072  16384  16384    30.00    13572.75   
Run 5:
131072  16384  16384    30.00    13328.47   
Run 6:
131072  16384  16384    30.00    13902.03   
Run 7:
131072  16384  16384    30.00    14514.91   
Run 8:
131072  16384  16384    30.00    14213.67   
Run 9:
131072  16384  16384    30.00    14041.78   
Run 10:
131072  16384  16384    30.00    13922.91   
Average: 131072.00,16389.40,16384.00,30.00,13933.24,0.00
====interNode network evaluation====
====measuring latency====
72,106.40,11510
Run 2:
77,274.84,8753
Run 3:
102,676.28,12748
Run 4:
65,903.74,12189
Run 5:
147,993.35,8970
Run 6:
120,909.37,11944
Run 7:
215,973.56,12636
Run 8:
209,935.39,17158
Run 9:
82,413.30,14732
Run 10:
75,164.86,9338
Average: 116.40,635.11,11997.80

====measuring throughput====
131072  16384  16384    30.00    13934.73   
Run 2:
131072  16384  16384    30.00    13365.65   
Run 3:
131072  16384  16384    30.00    16473.66   
Run 4:
131072  16384  16384    30.00    14452.09   
Run 5:
131072  16384  16384    30.00    15535.14   
Run 6:
131072  16384  16384    30.00    13624.59   
Run 7:
131072  16384  16384    30.00    13090.88   
Run 8:
131072  16384  16384    30.00    13145.20   
Run 9:
131072  16384  16384    30.00    14837.77   
Run 10:
131072  16384  16384    30.00    14786.18   
Average: 131072.00,16389.40,16384.00,30.00,14324.59,0.00


======evaluation round 10==========

====intraNode network evaluation====
====measuring latency====
9,11.77,8577
Run 2:
9,12.38,7122
Run 3:
9,13.91,7555
Run 4:
9,12.75,9795
Run 5:
9,14.66,11901
Run 6:
9,13.59,10715
Run 7:
9,13.14,7835
Run 8:
9,13.91,7810
Run 9:
9,16.29,9708
Run 10:
9,14.41,8153
Average: 9.00,13.68,8917.10

====measuring throughput====
131072  16384  16384    30.00    13442.91   
Run 2:
131072  16384  16384    30.00    14213.96   
Run 3:
131072  16384  16384    30.00    14139.99   
Run 4:
131072  16384  16384    30.00    13960.26   
Run 5:
131072  16384  16384    30.00    13986.37   
Run 6:
131072  16384  16384    30.00    13976.98   
Run 7:
131072  16384  16384    30.00    13926.66   
Run 8:
131072  16384  16384    30.00    14202.26   
Run 9:
131072  16384  16384    30.00    13643.94   
Run 10:
131072  16384  16384    30.00    14228.81   
Average: 131072.00,16389.40,16384.00,30.00,13972.21,0.00
====interNode network evaluation====
====measuring latency====
71,114.03,11570
Run 2:
98,969.10,14030
Run 3:
305,1056.78,10159
Run 4:
350,966.31,11984
Run 5:
156,982.75,11247
Run 6:
118,1013.38,14701
Run 7:
79,164.18,9373
Run 8:
73,106.15,10299
Run 9:
81,180.32,10953
Run 10:
74,231.92,10425
Average: 140.50,578.49,11474.10

====measuring throughput====
131072  16384  16384    30.00    15845.92   
Run 2:
131072  16384  16384    30.00    15357.29   
Run 3:
131072  16384  16384    30.00    13008.58   
Run 4:
131072  16384  16384    30.00    11272.90   
Run 5:
131072  16384  16384    30.00    14134.24   
Run 6:
131072  16384  16384    30.00    15622.22   
Run 7:
131072  16384  16384    30.00    15297.01   
Run 8:
131072  16384  16384    30.00    14531.77   
Run 9:
131072  16384  16384    30.00    15163.19   
Run 10:
131072  16384  16384    30.00    14380.66   
Average: 131072.00,16389.40,16384.00,30.00,14461.38,0.00

