======evaluation round 1==========

{ "results": "

Experiment consisting of 8 runs and 1 request types:
	SaaSRequest


Load,          Duration,      Troughput,     Capacity,      Slow requests, Timing accuracy
------------------------------------------------------------------------------------------
25,            600s,          14550,         24.25,         0%,            1.601ms        
50,            600s,          29200,         48.667,        0%,            0.654ms        
75,            600s,          43773,         72.955,        0%,            0.983ms        
100,           600s,          58388,         97.313,        0%,            0.347ms        
125,           600s,          72976,         121.627,       0%,            0.315ms        
150,           600s,          87538,         145.897,       0%,            0.287ms        
175,           600s,          102178,        170.297,       0%,            0.587ms        
200,           600s,          116725,        194.542,       0%,            0.284ms        


Breakdown of residence times for SaaSRequest requests:

Load,          Min,           Max,           Mean,          Std. dev.,     Shape,         Scale          (successful)   (failed)       (error)        (conn_problem) (timed_out)    (redirected)   (no_result)    
25             9.913          164.799        26.835         9.907          7.336          3.658          14325          225            0              0              0              0              0              
50             9.732          122.329        25.996         9.447          7.573          3.433          29200          0              0              0              0              0              0              
75             8.737          149.144        26.17          10.746         5.931          4.412          43773          0              0              0              0              0              0              
100            9.628          194.266        26.138         10.2           6.567          3.98           58388          0              0              0              0              0              0              
125            8.605          188.1          26.288         10.22          6.616          3.973          72977          0              0              0              0              0              0              
150            8.512          276.832        26.419         11.435         5.338          4.949          87546          0              0              0              0              0              0              
175            8.791          142.04         25.804         9.553          7.296          3.537          102180         0              0              0              0              0              0              
200            8.621          174.247        26.045         10.602         6.035          4.316          116726         0              0              0              0              0              0              


Percentiles of sampled residence times (only an approximation if residence_times_sample_fraction is set):

SaaSRequest (run 1, 25 users):
	50.0%	of requests handled in 26.036ms.
	90.0%	of requests handled in 34.54ms.
	95.0%	of requests handled in 43.34ms.
	99.0%	of requests handled in 67.923ms.
	99.9%	of requests handled in 96.321ms.
	99.99%	of requests handled in 163.335ms.

SaaSRequest (run 2, 50 users):
	50.0%	of requests handled in 25.523ms.
	90.0%	of requests handled in 34.417ms.
	95.0%	of requests handled in 40.067ms.
	99.0%	of requests handled in 66.268ms.
	99.9%	of requests handled in 92.641ms.
	99.99%	of requests handled in 106.377ms.

SaaSRequest (run 3, 75 users):
	50.0%	of requests handled in 25.374ms.
	90.0%	of requests handled in 35.262ms.
	95.0%	of requests handled in 43.102ms.
	99.0%	of requests handled in 73.594ms.
	99.9%	of requests handled in 104.264ms.
	99.99%	of requests handled in 140.996ms.

SaaSRequest (run 4, 100 users):
	50.0%	of requests handled in 25.428ms.
	90.0%	of requests handled in 34.867ms.
	95.0%	of requests handled in 41.267ms.
	99.0%	of requests handled in 68.894ms.
	99.9%	of requests handled in 103.768ms.
	99.99%	of requests handled in 145.773ms.

SaaSRequest (run 5, 125 users):
	50.0%	of requests handled in 25.596ms.
	90.0%	of requests handled in 35.265ms.
	95.0%	of requests handled in 41.839ms.
	99.0%	of requests handled in 68.742ms.
	99.9%	of requests handled in 105.157ms.
	99.99%	of requests handled in 139.012ms.

SaaSRequest (run 6, 150 users):
	50.0%	of requests handled in 25.412ms.
	90.0%	of requests handled in 35.96ms.
	95.0%	of requests handled in 44.098ms.
	99.0%	of requests handled in 75.351ms.
	99.9%	of requests handled in 113.913ms.
	99.99%	of requests handled in 169.184ms.

SaaSRequest (run 7, 175 users):
	50.0%	of requests handled in 25.298ms.
	90.0%	of requests handled in 34.283ms.
	95.0%	of requests handled in 40.604ms.
	99.0%	of requests handled in 65.081ms.
	99.9%	of requests handled in 97.399ms.
	99.99%	of requests handled in 123.773ms.

SaaSRequest (run 8, 200 users):
	50.0%	of requests handled in 25.237ms.
	90.0%	of requests handled in 35.337ms.
	95.0%	of requests handled in 43.237ms.
	99.0%	of requests handled in 70.247ms.
	99.9%	of requests handled in 106.342ms.
	99.99%	of requests handled in 138.034ms.

" }