
======evaluation round 1==========

====intraNode network evaluation====
====measuring latency====
9,12.72,5227
Run 2:
9,13.86,11433
Run 3:
9,13.90,13366
Run 4:
9,13.38,8695
Run 5:
9,13.69,7784
Average: 9.00,13.51,9301.00

====measuring throughput====
131072  16384  16384    30.00    13803.77   
Run 2:
131072  16384  16384    30.00    12965.26   
Run 3:
131072  16384  16384    30.00    14232.18   
Run 4:
131072  16384  16384    30.00    14150.90   
Run 5:
131072  16384  16384    30.00    14395.75   
Average: 131072.00,16386.80,16384.00,30.00,13909.57,0.00
====interNode network evaluation====
====measuring latency====
79,132.62,12526
Run 2:
184,943.92,12029
Run 3:
128,943.52,10312
Run 4:
84,396.52,17098
Run 5:
265,927.57,11970
Average: 148.00,668.83,12787.00

====measuring throughput====
131072  16384  16384    30.00    16103.87   
Run 2:
131072  16384  16384    30.00    17283.07   
Run 3:
131072  16384  16384    30.00    16874.11   
Run 4:
131072  16384  16384    30.00    16408.72   
Run 5:
131072  16384  16384    30.00    14509.17   
Average: 131072.00,16386.80,16384.00,30.00,16235.79,0.00


======evaluation round 2==========

====intraNode network evaluation====
====measuring latency====
9,12.43,7996
Run 2:
9,12.70,9915
Run 3:
9,14.56,12310
Run 4:
9,13.12,13744
Run 5:
9,14.28,9729
Average: 9.00,13.42,10738.80

====measuring throughput====
131072  16384  16384    30.00    13806.12   
Run 2:
131072  16384  16384    30.00    14058.00   
Run 3:
131072  16384  16384    30.00    14221.25   
Run 4:
131072  16384  16384    30.00    13851.15   
Run 5:
131072  16384  16384    30.00    14135.82   
Average: 131072.00,16386.80,16384.00,30.00,14014.47,0.00
====interNode network evaluation====
====measuring latency====
72,103.60,9884
Run 2:
80,131.86,9404
Run 3:
209,931.31,11345
Run 4:
85,925.14,10672
Run 5:
242,943.48,15970
Average: 137.60,607.08,11455.00

====measuring throughput====
131072  16384  16384    30.00    14344.91   
Run 2:
131072  16384  16384    30.00    15783.94   
Run 3:
131072  16384  16384    30.00    14614.35   
Run 4:
131072  16384  16384    30.00    13044.78   
Run 5:
131072  16384  16384    30.00    15224.68   
Average: 131072.00,16386.80,16384.00,30.00,14602.53,0.00


======evaluation round 3==========

====intraNode network evaluation====
====measuring latency====
9,12.64,6867
Run 2:
9,12.31,10874
Run 3:
9,13.23,8016
Run 4:
9,12.45,11061
Run 5:
9,11.07,10055
Average: 9.00,12.34,9374.60

====measuring throughput====
131072  16384  16384    30.00    13505.38   
Run 2:
131072  16384  16384    30.00    14031.35   
Run 3:
131072  16384  16384    30.00    13765.09   
Run 4:
131072  16384  16384    30.00    13701.37   
Run 5:
131072  16384  16384    30.00    14192.92   
Average: 131072.00,16386.80,16384.00,30.00,13839.22,0.00
====interNode network evaluation====
====measuring latency====
77,106.74,8992
Run 2:
78,108.17,8055
Run 3:
71,124.66,12080
Run 4:
390,959.88,12503
Run 5:
159,938.25,15314
Average: 155.00,447.54,11388.80

====measuring throughput====
131072  16384  16384    30.00    16902.63   
Run 2:
131072  16384  16384    30.00    17287.37   
Run 3:
131072  16384  16384    30.00    14800.97   
Run 4:
131072  16384  16384    30.00    15079.29   
Run 5:
131072  16384  16384    30.00    15228.05   
Average: 131072.00,16386.80,16384.00,30.00,15859.66,0.00


======evaluation round 4==========

====intraNode network evaluation====
====measuring latency====
9,14.25,11216
Run 2:
9,13.35,9244
Run 3:
9,14.02,12398
Run 4:
9,12.69,11477
Run 5:
9,12.73,10042
Average: 9.00,13.41,10875.40

====measuring throughput====
131072  16384  16384    30.00    13932.61   
Run 2:
131072  16384  16384    30.00    13990.76   
Run 3:
131072  16384  16384    30.00    14555.52   
Run 4:
131072  16384  16384    30.00    14136.60   
Run 5:
131072  16384  16384    30.00    14517.20   
Average: 131072.00,16386.80,16384.00,30.00,14226.54,0.00
====interNode network evaluation====
====measuring latency====
87,225.76,12129
Run 2:
355,929.91,12776
Run 3:
126,888.83,10276
Run 4:
150,918.04,8975
Run 5:
129,1029.53,11256
Average: 169.40,798.41,11082.40

====measuring throughput====
131072  16384  16384    30.00    17702.91   
Run 2:
131072  16384  16384    30.00    16832.40   
Run 3:
131072  16384  16384    30.00    14641.61   
Run 4:
131072  16384  16384    30.00    14378.80   
Run 5:
131072  16384  16384    30.00    13891.43   
Average: 131072.00,16386.80,16384.00,30.00,15489.43,0.00


======evaluation round 5==========

====intraNode network evaluation====
====measuring latency====
9,13.60,12790
Run 2:
9,13.23,6676
Run 3:
9,12.34,9015
Run 4:
9,12.98,8319
Run 5:
9,12.42,8174
Average: 9.00,12.91,8994.80

====measuring throughput====
131072  16384  16384    30.00    14134.78   
Run 2:
131072  16384  16384    30.00    14492.78   
Run 3:
131072  16384  16384    30.00    13870.77   
Run 4:
131072  16384  16384    30.00    14244.76   
Run 5:
131072  16384  16384    30.00    14460.58   
Average: 131072.00,16386.80,16384.00,30.00,14240.73,0.00
====interNode network evaluation====
====measuring latency====
75,110.37,11793
Run 2:
77,242.56,11941
Run 3:
222,944.22,10755
Run 4:
97,319.77,11101
Run 5:
239,914.14,11127
Average: 142.00,506.21,11343.40

====measuring throughput====
131072  16384  16384    30.00    15672.12   
Run 2:
131072  16384  16384    30.00    14007.08   
Run 3:
131072  16384  16384    30.00    14918.40   
Run 4:
131072  16384  16384    30.00    15292.07   
Run 5:
131072  16384  16384    30.00    15087.12   
Average: 131072.00,16386.80,16384.00,30.00,14995.36,0.00


======evaluation round 6==========

====intraNode network evaluation====
====measuring latency====
9,13.83,15520
Run 2:
9,11.09,8316
Run 3:
9,13.19,8061
Run 4:
9,14.44,8922
Run 5:
9,11.61,9888
Average: 9.00,12.83,10141.40

====measuring throughput====
131072  16384  16384    30.00    13807.88   
Run 2:
131072  16384  16384    30.00    14045.22   
Run 3:
131072  16384  16384    30.00    14223.24   
Run 4:
131072  16384  16384    30.00    14342.81   
Run 5:
131072  16384  16384    30.00    14652.15   
Average: 131072.00,16386.80,16384.00,30.00,14214.26,0.00
====interNode network evaluation====
====measuring latency====
72,106.18,8172
Run 2:
73,105.00,9112
Run 3:
74,104.80,10666
Run 4:
72,106.06,10110
Run 5:
75,115.97,10005
Average: 73.20,107.60,9613.00

====measuring throughput====
131072  16384  16384    30.00    14901.96   
Run 2:
131072  16384  16384    30.00    15095.38   
Run 3:
131072  16384  16384    30.00    15581.86   
Run 4:
131072  16384  16384    30.00    15804.20   
Run 5:
131072  16384  16384    30.00    15970.02   
Average: 131072.00,16386.80,16384.00,30.00,15470.68,0.00


======evaluation round 7==========

====intraNode network evaluation====
====measuring latency====
9,12.16,8828
Run 2:
9,12.63,11599
Run 3:
9,11.98,8741
Run 4:
9,14.03,8519
Run 5:
9,12.09,6881
Average: 9.00,12.58,8913.60

====measuring throughput====
131072  16384  16384    30.00    14062.37   
Run 2:
131072  16384  16384    30.00    14612.88   
Run 3:
131072  16384  16384    30.00    14648.98   
Run 4:
131072  16384  16384    30.00    14304.96   
Run 5:
131072  16384  16384    30.00    14071.25   
Average: 131072.00,16386.80,16384.00,30.00,14340.09,0.00
====interNode network evaluation====
====measuring latency====
80,358.44,9951
Run 2:
87,413.37,14201
Run 3:
138,953.88,12875
Run 4:
101,564.05,10141
Run 5:
131,922.90,11525
Average: 107.40,642.53,11738.60

====measuring throughput====
131072  16384  16384    30.00    15660.68   
Run 2:
131072  16384  16384    30.00    14686.84   
Run 3:
131072  16384  16384    30.00    15433.53   
Run 4:
131072  16384  16384    30.00    19453.35   
Run 5:
131072  16384  16384    30.00    14380.94   
Average: 131072.00,16386.80,16384.00,30.00,15923.07,0.00


======evaluation round 8==========

====intraNode network evaluation====
====measuring latency====
9,14.19,6746
Run 2:
9,13.61,14520
Run 3:
9,13.33,17268
Run 4:
9,11.13,9900
Run 5:
9,13.83,8395
Average: 9.00,13.22,11365.80

====measuring throughput====
131072  16384  16384    30.00    14247.55   
Run 2:
131072  16384  16384    30.00    14080.73   
Run 3:
131072  16384  16384    30.00    14493.42   
Run 4:
131072  16384  16384    30.00    14576.82   
Run 5:
131072  16384  16384    30.00    14509.67   
Average: 131072.00,16386.80,16384.00,30.00,14381.64,0.00
====interNode network evaluation====
====measuring latency====
73,108.60,8049
Run 2:
59,105.75,8218
Run 3:
71,107.89,8069
Run 4:
97,664.63,10482
Run 5:
127,931.32,13014
Average: 85.40,383.64,9566.40

====measuring throughput====
131072  16384  16384    30.00    16821.64   
Run 2:
131072  16384  16384    30.00    15536.40   
Run 3:
131072  16384  16384    30.00    15243.08   
Run 4:
131072  16384  16384    30.00    15444.94   
Run 5:
131072  16384  16384    30.00    15663.33   
Average: 131072.00,16386.80,16384.00,30.00,15741.88,0.00


======evaluation round 9==========

====intraNode network evaluation====
====measuring latency====
9,15.14,7777
Run 2:
9,13.76,7431
Run 3:
9,14.62,12510
Run 4:
9,13.84,7295
Run 5:
9,13.01,9884
Average: 9.00,14.07,8979.40

====measuring throughput====
131072  16384  16384    30.00    13811.23   
Run 2:
131072  16384  16384    30.00    14130.69   
Run 3:
131072  16384  16384    30.00    14549.39   
Run 4:
131072  16384  16384    30.00    14255.21   
Run 5:
131072  16384  16384    30.00    14027.11   
Average: 131072.00,16386.80,16384.00,30.00,14154.73,0.00
====interNode network evaluation====
====measuring latency====
72,111.09,10026
Run 2:
70,105.07,8970
Run 3:
73,107.17,10535
Run 4:
72,106.13,10785
Run 5:
70,105.71,9074
Average: 71.40,107.03,9878.00

====measuring throughput====
131072  16384  16384    30.00    17943.75   
Run 2:
131072  16384  16384    30.00    14055.10   
Run 3:
131072  16384  16384    30.00    11538.03   
Run 4:
131072  16384  16384    30.00    14550.61   
Run 5:
131072  16384  16384    30.00    15670.02   
Average: 131072.00,16386.80,16384.00,30.00,14751.50,0.00


======evaluation round 10==========

====intraNode network evaluation====
====measuring latency====
9,13.44,12501
Run 2:
8,12.92,10771
Run 3:
9,13.51,7161
Run 4:
9,14.13,9369
Run 5:
9,13.82,8357
Average: 8.80,13.56,9631.80

====measuring throughput====
131072  16384  16384    30.00    13729.61   
Run 2:
131072  16384  16384    30.00    14096.02   
Run 3:
131072  16384  16384    30.00    14352.67   
Run 4:
131072  16384  16384    30.00    14457.91   
Run 5:
131072  16384  16384    30.00    14198.64   
Average: 131072.00,16386.80,16384.00,30.00,14166.97,0.00
====interNode network evaluation====
====measuring latency====
71,105.57,10926
Run 2:
74,105.67,10350
Run 3:
69,110.32,9040
Run 4:
73,170.81,10597
Run 5:
68,116.50,11949
Average: 71.00,121.77,10572.40

====measuring throughput====
131072  16384  16384    30.00    16982.15   
Run 2:
131072  16384  16384    30.00    14038.59   
Run 3:
131072  16384  16384    30.00    13673.53   
Run 4:
131072  16384  16384    30.00    12351.94   
Run 5:
131072  16384  16384    30.00    15806.98   
Average: 131072.00,16386.80,16384.00,30.00,14570.64,0.00

