
======evaluation round 1==========


======evaluation round 1==========

====intraNode network evaluation====
====measuring latency====
====interNode network evaluation====
====measuring latency====
192,1012.01,208354
Run 2:
78,927.76,21629
Run 3:
125,991.52,27704
Run 4:
234,1018.40,21665
Run 5:
65,181.64,12934
Average: 138.80,826.27,58457.20

====measuring throughput====
131072  16384  16384    30.00    12959.21   
Run 2:
131072  16384  16384    30.00    14662.94   
Run 3:
131072  16384  16384    30.00    15546.85   
Run 4:
131072  16384  16384    30.00    15620.87   
Run 5:
131072  16384  16384    30.00    14445.03   
Average: 131072.00,16386.80,16384.00,30.00,14646.98,0.00


======evaluation round 2==========

====intraNode network evaluation====
====measuring latency====
====interNode network evaluation====
====measuring latency====
66,600.23,211258
Run 2:
92,866.74,208012
Run 3:
97,849.64,22919
Run 4:
69,848.39,23509
Run 5:
119,880.15,22746
Average: 88.60,809.03,97688.80

====measuring throughput====
131072  16384  16384    30.00    14594.84   
Run 2:
131072  16384  16384    30.00    14612.53   
Run 3:
131072  16384  16384    30.00    14999.97   
Run 4:
131072  16384  16384    30.00    14865.65   
Run 5:
131072  16384  16384    30.00    14713.39   
Average: 131072.00,16386.80,16384.00,30.00,14757.28,0.00


======evaluation round 3==========

====intraNode network evaluation====
====measuring latency====
====interNode network evaluation====
====measuring latency====
73,855.10,205091
Run 2:
127,897.62,12441
Run 3:
93,683.95,20699
Run 4:
92,860.96,11366
Run 5:
79,704.32,22969
Average: 92.80,800.39,54513.20

====measuring throughput====
131072  16384  16384    30.00    14391.07   
Run 2:
131072  16384  16384    30.00    13082.34   
Run 3:
131072  16384  16384    30.00    13837.76   
Run 4:
131072  16384  16384    30.00    13674.24   
Run 5:
131072  16384  16384    30.00    14695.58   
Average: 131072.00,16386.80,16384.00,30.00,13936.20,0.00


======evaluation round 4==========

====intraNode network evaluation====
====measuring latency====
====interNode network evaluation====
====measuring latency====
93,805.79,207930
Run 2:
93,913.77,18705
Run 3:
74,204.25,17985
Run 4:
92,840.57,21593
Run 5:
128,894.12,21179
Average: 96.00,731.70,57478.40

====measuring throughput====
131072  16384  16384    30.00    13893.08   
Run 2:
131072  16384  16384    30.00    15138.03   
Run 3:
131072  16384  16384    30.00    15908.47   
Run 4:
131072  16384  16384    30.00    14320.91   
Run 5:
131072  16384  16384    30.00    14036.53   
Average: 131072.00,16386.80,16384.00,30.00,14659.40,0.00


======evaluation round 5==========

====intraNode network evaluation====
====measuring latency====
====interNode network evaluation====
====measuring latency====
89,535.91,208096
Run 2:
91,905.65,10852
Run 3:
136,977.90,21282
Run 4:
101,971.41,21359
Run 5:
109,961.51,17637
Average: 105.20,870.48,55845.20

====measuring throughput====
131072  16384  16384    30.00    13148.37   
Run 2:
131072  16384  16384    30.00    14987.96   
Run 3:
131072  16384  16384    30.00    13744.15   
Run 4:
131072  16384  16384    30.00    13179.30   
Run 5:
131072  16384  16384    30.00    15012.35   
Average: 131072.00,16386.80,16384.00,30.00,14014.43,0.00


======evaluation round 6==========

====intraNode network evaluation====
====measuring latency====
====interNode network evaluation====
====measuring latency====
107,994.30,206419
Run 2:
108,974.02,207786
Run 3:
109,959.24,24995
Run 4:
119,990.96,18588
Run 5:
145,992.55,21051
Average: 117.60,982.21,95767.80

====measuring throughput====
131072  16384  16384    30.00    13142.63   
Run 2:
131072  16384  16384    30.00    13600.93   
Run 3:
131072  16384  16384    30.00    14822.13   
Run 4:
131072  16384  16384    30.00    15089.20   
Run 5:
131072  16384  16384    30.00    14930.11   
Average: 131072.00,16386.80,16384.00,30.00,14317.00,0.00


======evaluation round 7==========

====intraNode network evaluation====
====measuring latency====
====interNode network evaluation====
====measuring latency====
78,334.38,206704
Run 2:
79,873.38,25794
Run 3:
79,862.91,21414
Run 4:
85,834.62,20791
Run 5:
83,744.94,12214
Average: 80.80,730.05,57383.40

====measuring throughput====
131072  16384  16384    30.00    15399.25   
Run 2:
131072  16384  16384    30.00    14888.10   
Run 3:
131072  16384  16384    30.00    15282.60   
Run 4:
131072  16384  16384    30.00    14674.90   
Run 5:
131072  16384  16384    30.00    15328.19   
Average: 131072.00,16386.80,16384.00,30.00,15114.61,0.00


======evaluation round 8==========

====intraNode network evaluation====
====measuring latency====
====interNode network evaluation====
====measuring latency====
106,780.43,208805
Run 2:
96,927.02,22503
Run 3:
83,830.95,9922
Run 4:
91,615.48,19591
Run 5:
80,735.98,21372
Average: 91.20,777.97,56438.60

====measuring throughput====
131072  16384  16384    30.00    14477.91   
Run 2:
131072  16384  16384    30.00    16571.55   
Run 3:
131072  16384  16384    30.00    14896.35   
Run 4:
131072  16384  16384    30.00    14926.57   
Run 5:
131072  16384  16384    30.00    14439.51   
Average: 131072.00,16386.80,16384.00,30.00,15062.38,0.00


======evaluation round 9==========

====intraNode network evaluation====
====measuring latency====
====interNode network evaluation====
====measuring latency====
82,626.64,20425
Run 2:
185,978.87,21424
Run 3:
94,988.05,20388
Run 4:
108,973.82,27353
Run 5:
75,677.99,22431
Average: 108.80,849.07,22404.20

====measuring throughput====
131072  16384  16384    30.00    12567.13   
Run 2:
131072  16384  16384    30.00    14746.41   
Run 3:
131072  16384  16384    30.00    14026.14   
Run 4:
131072  16384  16384    30.00    14582.33   
Run 5:
131072  16384  16384    30.00    14627.97   
Average: 131072.00,16386.80,16384.00,30.00,14110.00,0.00


======evaluation round 10==========

====intraNode network evaluation====
====measuring latency====
====interNode network evaluation====
====measuring latency====
68,673.63,205345
Run 2:
86,681.97,20521
Run 3:
119,884.52,21100
Run 4:
101,841.88,18417
Run 5:
79,849.91,20894
Average: 90.60,786.38,57255.40

====measuring throughput====
131072  16384  16384    30.00    14038.82   
Run 2:
131072  16384  16384    30.00    14399.00   
Run 3:
131072  16384  16384    30.00    14806.24   
Run 4:
131072  16384  16384    30.00    15495.50   
Run 5:
131072  16384  16384    30.00    13997.95   
Average: 131072.00,16386.80,16384.00,30.00,14547.50,0.00

