

======evaluation round 1==========

====intraNode network evaluation====
====measuring latency====
9,15.72,8594
Run 2:
9,14.76,8019
Run 3:
9,13.65,9377
Run 4:
9,14.52,9163
Run 5:
9,13.44,8029
Average: 9.00,14.42,8636.40

====measuring throughput====
131072  16384  16384    30.00    10499.41   
Run 2:
131072  16384  16384    30.00    11393.15   
Run 3:
131072  16384  16384    30.00    13255.59   
Run 4:
131072  16384  16384    30.00    11625.06   
Run 5:
131072  16384  16384    30.00    11472.53   
Average: 131072.00,16386.80,16384.00,30.00,11649.15,0.00
====interNode network evaluation====
====measuring latency====
59,122.69,15217
Run 2:
64,112.63,11135
Run 3:
73,112.40,9327
Run 4:
75,111.75,10020
Run 5:
67,112.83,11991
Average: 67.60,114.46,11538.00

====measuring throughput====
131072  16384  16384    30.00    13620.42   
Run 2:
131072  16384  16384    30.00    12094.65   
Run 3:
131072  16384  16384    30.00    15217.61   
Run 4:
131072  16384  16384    30.00    12118.13   
Run 5:
131072  16384  16384    30.00    16094.07   
Average: 131072.00,16386.80,16384.00,30.00,13828.98,0.00


======evaluation round 2==========

====intraNode network evaluation====
====measuring latency====
9,15.23,7509
Run 2:
9,14.61,9022
Run 3:
9,15.76,8860
Run 4:
9,16.22,10801
Run 5:
9,14.54,8787
Average: 9.00,15.27,8995.80

====measuring throughput====
131072  16384  16384    30.00    13520.63   
Run 2:
131072  16384  16384    30.00    13208.62   
Run 3:
131072  16384  16384    30.00    13092.10   
Run 4:
131072  16384  16384    30.00    12529.82   
Run 5:
131072  16384  16384    30.00    12229.72   
Average: 131072.00,16386.80,16384.00,30.00,12916.18,0.00
====interNode network evaluation====
====measuring latency====
77,117.33,8930
Run 2:
77,117.39,12099
Run 3:
64,111.27,12103
Run 4:
69,113.71,13265
Run 5:
77,112.02,12097
Average: 72.80,114.34,11698.80

====measuring throughput====
131072  16384  16384    30.00    14457.65   
Run 2:
131072  16384  16384    30.00    11153.69   
Run 3:
131072  16384  16384    30.00    11580.06   
Run 4:
131072  16384  16384    30.00    11987.21   
Run 5:
131072  16384  16384    30.00    12321.47   
Average: 131072.00,16386.80,16384.00,30.00,12300.02,0.00


======evaluation round 3==========

====intraNode network evaluation====
====measuring latency====
9,15.72,8397
Run 2:
9,14.60,8945
Run 3:
9,13.54,11555
Run 4:
9,15.13,12434
Run 5:
9,14.51,8892
Average: 9.00,14.70,10044.60

====measuring throughput====
131072  16384  16384    30.00    13319.71   
Run 2:
131072  16384  16384    30.00    13408.10   
Run 3:
131072  16384  16384    30.00    11643.27   
Run 4:
131072  16384  16384    30.00    11942.99   
Run 5:
131072  16384  16384    30.00    12937.49   
Average: 131072.00,16386.80,16384.00,30.00,12650.31,0.00
====interNode network evaluation====
====measuring latency====
74,115.21,8095
Run 2:
74,115.17,10239
Run 3:
76,113.93,10116
Run 4:
66,113.62,10773
Run 5:
74,109.66,12936
Average: 72.80,113.52,10431.80

====measuring throughput====
131072  16384  16384    30.00    13830.38   
Run 2:
131072  16384  16384    30.00    11678.31   
Run 3:
131072  16384  16384    30.00    10905.67   
Run 4:
131072  16384  16384    30.00    12744.89   
Run 5:
131072  16384  16384    30.00    11851.82   
Average: 131072.00,16386.80,16384.00,30.00,12202.21,0.00


======evaluation round 4==========

====intraNode network evaluation====
====measuring latency====
9,13.77,5394
Run 2:
9,16.85,13265
Run 3:
9,14.59,12095
Run 4:
9,15.05,11719
Run 5:
9,14.07,7327
Average: 9.00,14.87,9960.00

====measuring throughput====
131072  16384  16384    30.00    10633.76   
Run 2:
131072  16384  16384    30.00    11893.58   
Run 3:
131072  16384  16384    30.00    11047.62   
Run 4:
131072  16384  16384    30.00    9962.65   
Run 5:
131072  16384  16384    30.00    12059.49   
Average: 131072.00,16386.80,16384.00,30.00,11119.42,0.00
====interNode network evaluation====
====measuring latency====
80,118.82,9344
Run 2:
73,116.27,12100
Run 3:
60,111.00,7939
Run 4:
82,114.53,9111
Run 5:
73,112.61,11988
Average: 73.60,114.65,10096.40

====measuring throughput====
131072  16384  16384    30.00    12995.47   
Run 2:
131072  16384  16384    30.00    10568.55   
Run 3:
131072  16384  16384    30.00    12957.80   
Run 4:
131072  16384  16384    30.00    13628.98   
Run 5:
131072  16384  16384    30.00    12076.78   
Average: 131072.00,16386.80,16384.00,30.00,12445.52,0.00


======evaluation round 5==========

====intraNode network evaluation====
====measuring latency====
9,14.07,10073
Run 2:
9,16.34,9681
Run 3:
9,15.03,8729
Run 4:
9,14.84,11043
Run 5:
9,12.76,8084
Average: 9.00,14.61,9522.00

====measuring throughput====
131072  16384  16384    30.00    13095.14   
Run 2:
131072  16384  16384    30.00    13357.45   
Run 3:
131072  16384  16384    30.00    13305.74   
Run 4:
131072  16384  16384    30.00    13264.19   
Run 5:
131072  16384  16384    30.00    13106.24   
Average: 131072.00,16386.80,16384.00,30.00,13225.75,0.00
====interNode network evaluation====
====measuring latency====
77,113.22,11993
Run 2:
74,112.03,10897
Run 3:
74,111.71,10090
Run 4:
73,111.95,11470
Run 5:
74,111.79,9828
Average: 74.40,112.14,10855.60

====measuring throughput====
131072  16384  16384    30.00    14666.96   
Run 2:
131072  16384  16384    30.00    15278.71   
Run 3:
131072  16384  16384    30.00    14476.80   
Run 4:
131072  16384  16384    30.00    13939.97   
Run 5:
131072  16384  16384    30.00    12745.64   
Average: 131072.00,16386.80,16384.00,30.00,14221.62,0.00


======evaluation round 6==========

====intraNode network evaluation====
====measuring latency====
9,14.67,14055
Run 2:
9,13.33,11738
Run 3:
9,14.71,12519
Run 4:
9,13.15,9776
Run 5:
9,12.83,12509
Average: 9.00,13.74,12119.40

====measuring throughput====
131072  16384  16384    30.00    13084.03   
Run 2:
131072  16384  16384    30.00    13117.08   
Run 3:
131072  16384  16384    30.00    12561.79   
Run 4:
131072  16384  16384    30.00    11731.32   
Run 5:
131072  16384  16384    30.00    13201.75   
Average: 131072.00,16386.80,16384.00,30.00,12739.19,0.00
====interNode network evaluation====
====measuring latency====
70,113.48,9247
Run 2:
74,112.38,10646
Run 3:
78,115.05,8263
Run 4:
75,113.00,17991
Run 5:
74,112.37,8554
Average: 74.20,113.26,10940.20

====measuring throughput====
131072  16384  16384    30.00    13585.79   
Run 2:
131072  16384  16384    30.00    13345.81   
Run 3:
131072  16384  16384    30.00    13904.24   
Run 4:
131072  16384  16384    30.00    12431.72   
Run 5:
131072  16384  16384    30.00    12990.02   
Average: 131072.00,16386.80,16384.00,30.00,13251.52,0.00


======evaluation round 7==========

====intraNode network evaluation====
====measuring latency====
9,14.17,8047
Run 2:
9,14.42,8530
Run 3:
9,14.13,7467
Run 4:
10,15.81,11478
Run 5:
9,12.81,8316
Average: 9.20,14.27,8767.60

====measuring throughput====
131072  16384  16384    30.00    13013.55   
Run 2:
131072  16384  16384    30.00    13387.55   
Run 3:
131072  16384  16384    30.00    13135.32   
Run 4:
131072  16384  16384    30.00    12241.06   
Run 5:
131072  16384  16384    30.00    9928.12   
Average: 131072.00,16386.80,16384.00,30.00,12341.12,0.00
====interNode network evaluation====
====measuring latency====
83,117.45,10648
Run 2:
75,113.97,9803
Run 3:
75,110.07,8877
Run 4:
77,115.54,9960
Run 5:
66,111.88,12045
Average: 75.20,113.78,10266.60

====measuring throughput====
131072  16384  16384    30.00    13042.35   
Run 2:
131072  16384  16384    30.00    12093.14   
Run 3:
131072  16384  16384    30.00    12150.74   
Run 4:
131072  16384  16384    30.00    13284.39   
Run 5:
131072  16384  16384    30.00    11058.44   
Average: 131072.00,16386.80,16384.00,30.00,12325.81,0.00


======evaluation round 8==========

====intraNode network evaluation====
====measuring latency====
9,15.11,9475
Run 2:
9,16.44,12352
Run 3:
9,14.77,7541
Run 4:
9,16.62,11665
Run 5:
9,14.66,6656
Average: 9.00,15.52,9537.80

====measuring throughput====
131072  16384  16384    30.00    13076.56   
Run 2:
131072  16384  16384    30.00    13458.42   
Run 3:
131072  16384  16384    30.00    13333.19   
Run 4:
131072  16384  16384    30.00    13136.14   
Run 5:
131072  16384  16384    30.00    13178.50   
Average: 131072.00,16386.80,16384.00,30.00,13236.56,0.00
====interNode network evaluation====
====measuring latency====
81,119.93,15466
Run 2:
72,110.49,8794
Run 3:
76,110.10,12044
Run 4:
77,114.52,11748
Run 5:
75,112.81,13406
Average: 76.20,113.57,12291.60

====measuring throughput====
131072  16384  16384    30.00    13922.36   
Run 2:
131072  16384  16384    30.00    13376.22   
Run 3:
131072  16384  16384    30.00    14138.73   
Run 4:
131072  16384  16384    30.00    14283.23   
Run 5:
131072  16384  16384    30.00    13556.56   
Average: 131072.00,16386.80,16384.00,30.00,13855.42,0.00


======evaluation round 9==========

====intraNode network evaluation====
====measuring latency====
9,16.12,11015
Run 2:
9,13.89,9084
Run 3:
9,13.06,8523
Run 4:
9,14.75,9965
Run 5:
9,13.21,11446
Average: 9.00,14.21,10006.60

====measuring throughput====
131072  16384  16384    30.00    13006.21   
Run 2:
131072  16384  16384    30.00    13176.01   
Run 3:
131072  16384  16384    30.00    13340.98   
Run 4:
131072  16384  16384    30.00    13485.62   
Run 5:
131072  16384  16384    30.00    13204.82   
Average: 131072.00,16386.80,16384.00,30.00,13242.73,0.00
====interNode network evaluation====
====measuring latency====
76,123.92,8888
Run 2:
76,110.72,8118
Run 3:
78,111.93,8675
Run 4:
73,111.99,10095
Run 5:
80,116.73,13387
Average: 76.60,115.06,9832.60

====measuring throughput====
131072  16384  16384    30.00    13094.07   
Run 2:
131072  16384  16384    30.00    13158.01   
Run 3:
131072  16384  16384    30.00    10854.87   
Run 4:
131072  16384  16384    30.00    12913.63   
Run 5:
131072  16384  16384    30.00    11547.19   
Average: 131072.00,16386.80,16384.00,30.00,12313.55,0.00


======evaluation round 10==========

====intraNode network evaluation====
====measuring latency====
9,16.10,10406
Run 2:
9,12.97,11401
Run 3:
9,14.30,9845
Run 4:
9,14.73,9904
Run 5:
9,15.43,10812
Average: 9.00,14.71,10473.60

====measuring throughput====
131072  16384  16384    30.00    13383.18   
Run 2:
131072  16384  16384    30.00    13053.41   
Run 3:
131072  16384  16384    30.00    13119.18   
Run 4:
131072  16384  16384    30.00    12681.55   
Run 5:
131072  16384  16384    30.00    9613.92   
Average: 131072.00,16386.80,16384.00,30.00,12370.25,0.00
====interNode network evaluation====
====measuring latency====
62,114.72,9508
Run 2:
75,113.23,10423
Run 3:
75,114.72,13512
Run 4:
74,114.90,9519
Run 5:
72,115.41,9339
Average: 71.60,114.60,10460.20

====measuring throughput====
131072  16384  16384    30.00    14547.56   
Run 2:
131072  16384  16384    30.00    11788.32   
Run 3:
131072  16384  16384    30.00    12366.46   
Run 4:
131072  16384  16384    30.00    13721.31   
Run 5:
131072  16384  16384    30.00    12529.22   
Average: 131072.00,16386.80,16384.00,30.00,12990.57,0.00

