
======evaluation round 1==========

====interNode network evaluation====
====measuring latency====
87,634.96,22402
Run 2:
154,920.28,9139
Run 3:
77,242.03,22698
Run 4:
71,123.84,6855
Run 5:
118,860.46,18201
Average: 101.40,556.31,15859.00

====measuring throughput====
131072  16384  16384    10.00    12217.28   
Run 2:
131072  16384  16384    10.00    14527.18   
Run 3:
131072  16384  16384    10.00    14722.72   
Run 4:
131072  16384  16384    10.00    16423.43   
Run 5:
131072  16384  16384    10.00    15525.71   
Average: 131072.00,16386.80,16384.00,10.00,14683.26,0.00


======evaluation round 2==========

====interNode network evaluation====
====measuring latency====
401,1034.99,26877
Run 2:
226,982.42,19612
Run 3:
194,1012.55,19788
Run 4:
311,974.98,6769
Run 5:
114,956.55,11415
Average: 249.20,992.30,16892.20

====measuring throughput====
131072  16384  16384    10.00    12459.60   
Run 2:
131072  16384  16384    10.00    14053.90   
Run 3:
131072  16384  16384    10.00    17196.07   
Run 4:
131072  16384  16384    10.00    16284.50   
Run 5:
131072  16384  16384    10.00    17645.08   
Average: 131072.00,16386.80,16384.00,10.00,15527.83,0.00


======evaluation round 3==========

====interNode network evaluation====
====measuring latency====
324,1016.98,21893
Run 2:
131,995.93,18708
Run 3:
274,988.19,7408
Run 4:
117,964.09,11687
Run 5:
181,984.14,12810
Average: 205.40,989.87,14501.20

====measuring throughput====
131072  16384  16384    10.00    11997.28   
Run 2:
131072  16384  16384    10.00    14828.07   
Run 3:
131072  16384  16384    10.00    15773.05   
Run 4:
131072  16384  16384    10.00    15698.25   
Run 5:
131072  16384  16384    10.00    14753.57   
Average: 131072.00,16386.80,16384.00,10.00,14610.04,0.00


======evaluation round 4==========

====interNode network evaluation====
====measuring latency====
122,1004.95,10546
Run 2:
116,961.06,18803
Run 3:
163,1026.91,21798
Run 4:
231,966.29,21714
Run 5:
178,990.64,9955
Average: 162.00,989.97,16563.20

====measuring throughput====
131072  16384  16384    10.00    12040.47   
Run 2:
131072  16384  16384    10.00    14718.25   
Run 3:
131072  16384  16384    10.00    17087.44   
Run 4:
131072  16384  16384    10.00    15097.95   
Run 5:
131072  16384  16384    10.00    16313.28   
Average: 131072.00,16386.80,16384.00,10.00,15051.48,0.00


======evaluation round 5==========

====interNode network evaluation====
====measuring latency====
139,1002.55,7839
Run 2:
104,971.12,19208
Run 3:
138,945.43,20904
Run 4:
128,926.65,10966
Run 5:
141,905.20,18273
Average: 130.00,950.19,15438.00

====measuring throughput====
131072  16384  16384    10.00    16107.35   
Run 2:
131072  16384  16384    10.00    18156.00   
Run 3:
131072  16384  16384    10.00    16296.99   
Run 4:
131072  16384  16384    10.00    15644.64   
Run 5:
131072  16384  16384    10.00    13868.34   
Average: 131072.00,16386.80,16384.00,10.00,16014.66,0.00


======evaluation round 6==========

====interNode network evaluation====
====measuring latency====
315,1021.10,8104
Run 2:
185,1027.04,8555
Run 3:
84,898.85,18650
Run 4:
260,1028.65,7829
Run 5:
131,1007.09,9315
Average: 195.00,996.55,10490.60

====measuring throughput====
131072  16384  16384    10.00    13111.33   
Run 2:
131072  16384  16384    10.00    14697.00   
Run 3:
131072  16384  16384    10.00    14509.22   
Run 4:
131072  16384  16384    10.00    14970.39   
Run 5:
131072  16384  16384    10.00    12551.91   
Average: 131072.00,16386.80,16384.00,10.00,13967.97,0.00


======evaluation round 7==========

====interNode network evaluation====
====measuring latency====
164,913.79,22417
Run 2:
201,904.08,8850
Run 3:
189,907.09,8601
Run 4:
200,883.30,22649
Run 5:
90,824.96,12248
Average: 168.80,886.64,14953.00

====measuring throughput====
131072  16384  16384    10.00    13429.04   
Run 2:
131072  16384  16384    10.00    14871.69   
Run 3:
131072  16384  16384    10.00    13487.05   
Run 4:
131072  16384  16384    10.00    17233.58   
Run 5:
131072  16384  16384    10.00    15138.64   
Average: 131072.00,16386.80,16384.00,10.00,14832.00,0.00


======evaluation round 8==========

====interNode network evaluation====
====measuring latency====
102,998.20,15312
Run 2:
206,983.05,21925
Run 3:
161,972.01,21035
Run 4:
288,992.00,11312
Run 5:
218,904.40,9228
Average: 195.00,969.93,15762.40

====measuring throughput====
131072  16384  16384    10.00    13280.33   
Run 2:
131072  16384  16384    10.00    14925.26   
Run 3:
131072  16384  16384    10.00    13847.00   
Run 4:
131072  16384  16384    10.00    16278.12   
Run 5:
131072  16384  16384    10.00    15916.28   
Average: 131072.00,16386.80,16384.00,10.00,14849.40,0.00


======evaluation round 9==========

====interNode network evaluation====
====measuring latency====
131,865.99,9037
Run 2:
140,881.84,10117
Run 3:
251,902.90,12000
Run 4:
92,881.30,9423
Run 5:
231,893.17,21015
Average: 169.00,885.04,12318.40

====measuring throughput====
131072  16384  16384    10.00    15504.13   
Run 2:
131072  16384  16384    10.00    12935.20   
Run 3:
131072  16384  16384    10.00    14336.63   
Run 4:
131072  16384  16384    10.00    14110.51   
Run 5:
131072  16384  16384    10.00    16221.64   
Average: 131072.00,16386.80,16384.00,10.00,14621.62,0.00


======evaluation round 10==========

====interNode network evaluation====
====measuring latency====
69,194.96,19948
Run 2:
137,886.57,20281
Run 3:
140,886.19,21773
Run 4:
138,905.08,7354
Run 5:
194,873.70,12270
Average: 135.60,749.30,16325.20

====measuring throughput====
131072  16384  16384    10.00    15030.64   
Run 2:
131072  16384  16384    10.00    17564.00   
Run 3:
131072  16384  16384    10.00    16523.73   
Run 4:
131072  16384  16384    10.00    16921.29   
Run 5:
131072  16384  16384    10.00    16306.56   
Average: 131072.00,16386.80,16384.00,10.00,16469.24,0.00

