
======evaluation round 1==========

====intraNode network evaluation====
====measuring latency====
====interNode network evaluation====
====measuring latency====
138,894.46,18693
Run 2:
152,923.04,207563
Run 3:
98,838.91,11799
Run 4:
92,339.79,10201
Run 5:
207,896.18,9145
Average: 137.40,778.48,51480.20

====measuring throughput====
131072  16384  16384    10.00    13871.98   
Run 2:
131072  16384  16384    10.00    15049.74   
Run 3:
131072  16384  16384    10.00    16607.16   
Run 4:
131072  16384  16384    10.00    15006.86   
Run 5:
131072  16384  16384    10.00    15996.09   
Average: 131072.00,16386.80,16384.00,10.00,15306.37,0.00


======evaluation round 2==========

====intraNode network evaluation====
====measuring latency====
====interNode network evaluation====
====measuring latency====
114,865.69,17063
Run 2:
125,932.09,208921
Run 3:
115,903.96,12293
Run 4:
169,905.30,18878
Run 5:
101,876.65,11843
Average: 124.80,896.74,53799.60

====measuring throughput====
131072  16384  16384    10.00    14356.76   
Run 2:
131072  16384  16384    10.00    15728.82   
Run 3:
131072  16384  16384    10.00    16817.15   
Run 4:
131072  16384  16384    10.00    15914.33   
Run 5:
131072  16384  16384    10.00    14417.25   
Average: 131072.00,16386.80,16384.00,10.00,15446.86,0.00


======evaluation round 3==========

====intraNode network evaluation====
====measuring latency====
====interNode network evaluation====
====measuring latency====
183,1012.52,21316
Run 2:
84,358.65,9257
Run 3:
83,138.81,7470
Run 4:
122,901.75,9195
Run 5:
111,823.35,17796
Average: 116.60,647.02,13006.80

====measuring throughput====
131072  16384  16384    10.00    15806.24   
Run 2:
131072  16384  16384    10.00    15429.62   
Run 3:
131072  16384  16384    10.00    14447.21   
Run 4:
131072  16384  16384    10.00    15270.90   
Run 5:
131072  16384  16384    10.00    14630.73   
Average: 131072.00,16386.80,16384.00,10.00,15116.94,0.00


======evaluation round 4==========

====intraNode network evaluation====
====measuring latency====
====interNode network evaluation====
====measuring latency====
68,839.17,8362
Run 2:
163,921.96,207811
Run 3:
98,942.57,205941
Run 4:
161,978.94,7568
Run 5:
197,993.46,11902
Average: 137.40,935.22,88316.80

====measuring throughput====
131072  16384  16384    10.00    13978.25   
Run 2:
131072  16384  16384    10.00    14758.87   
Run 3:
131072  16384  16384    10.00    14426.94   
Run 4:
131072  16384  16384    10.00    14242.39   
Run 5:
131072  16384  16384    10.00    17230.66   
Average: 131072.00,16386.80,16384.00,10.00,14927.42,0.00


======evaluation round 5==========

====intraNode network evaluation====
====measuring latency====
====interNode network evaluation====
====measuring latency====
107,872.21,19167
Run 2:
202,905.13,208591
Run 3:
145,884.97,20354
Run 4:
230,914.28,9217
Run 5:
100,290.54,17672
Average: 156.80,773.43,55000.20

====measuring throughput====
131072  16384  16384    10.00    13533.35   
Run 2:
131072  16384  16384    10.00    14796.59   
Run 3:
131072  16384  16384    10.00    15350.78   
Run 4:
131072  16384  16384    10.00    18298.81   
Run 5:
131072  16384  16384    10.00    15477.08   
Average: 131072.00,16386.80,16384.00,10.00,15491.32,0.00


======evaluation round 6==========

====intraNode network evaluation====
====measuring latency====
====interNode network evaluation====
====measuring latency====
88,597.24,17347
Run 2:
100,785.22,208031
Run 3:
243,907.64,18258
Run 4:
237,899.14,13069
Run 5:
81,840.93,13773
Average: 149.80,806.03,54095.60

====measuring throughput====
131072  16384  16384    10.00    14284.89   
Run 2:
131072  16384  16384    10.00    15838.71   
Run 3:
131072  16384  16384    10.00    15896.19   
Run 4:
131072  16384  16384    10.00    16269.38   
Run 5:
131072  16384  16384    10.00    14968.86   
Average: 131072.00,16386.80,16384.00,10.00,15451.61,0.00


======evaluation round 7==========

====intraNode network evaluation====
====measuring latency====
====interNode network evaluation====
====measuring latency====
126,893.89,12090
Run 2:
83,182.90,208281
Run 3:
103,876.40,207710
Run 4:
149,876.03,10361
Run 5:
159,881.66,23014
Average: 124.00,742.18,92291.20

====measuring throughput====
131072  16384  16384    10.00    15221.86   
Run 2:
131072  16384  16384    10.00    15351.93   
Run 3:
131072  16384  16384    10.00    13561.60   
Run 4:
131072  16384  16384    10.00    16009.07   
Run 5:
131072  16384  16384    10.00    16700.52   
Average: 131072.00,16386.80,16384.00,10.00,15369.00,0.00


======evaluation round 8==========

====intraNode network evaluation====
====measuring latency====
====interNode network evaluation====
====measuring latency====
84,240.13,204864
Run 2:
80,261.79,207565
Run 3:
69,117.25,206404
Run 4:
78,238.08,6984
Run 5:
62,635.23,8590
Average: 74.60,298.50,126881.40

====measuring throughput====
131072  16384  16384    10.00    13521.95   
Run 2:
131072  16384  16384    10.00    19229.58   
Run 3:
131072  16384  16384    10.00    14047.74   
Run 4:
131072  16384  16384    10.00    13845.68   
Run 5:
131072  16384  16384    10.00    14471.91   
Average: 131072.00,16386.80,16384.00,10.00,15023.37,0.00


======evaluation round 9==========

====intraNode network evaluation====
====measuring latency====
====interNode network evaluation====
====measuring latency====
102,550.59,19254
Run 2:
178,946.96,207366
Run 3:
243,921.76,20898
Run 4:
117,871.75,10801
Run 5:
137,871.35,21480
Average: 155.40,832.48,55959.80

====measuring throughput====
131072  16384  16384    10.00    15106.24   
Run 2:
131072  16384  16384    10.00    15273.59   
Run 3:
131072  16384  16384    10.00    17159.91   
Run 4:
131072  16384  16384    10.00    17316.93   
Run 5:
131072  16384  16384    10.00    19114.11   
Average: 131072.00,16386.80,16384.00,10.00,16794.16,0.00


======evaluation round 10==========

====intraNode network evaluation====
====measuring latency====
====interNode network evaluation====
====measuring latency====
77,205.42,10213
Run 2:
191,1043.09,208936
Run 3:
94,971.32,209162
Run 4:
120,879.06,12521
Run 5:
179,941.78,9110
Average: 132.20,808.13,89988.40

====measuring throughput====
131072  16384  16384    10.00    13924.65   
Run 2:
131072  16384  16384    10.00    14125.14   
Run 3:
131072  16384  16384    10.00    17688.17   
Run 4:
131072  16384  16384    10.00    18543.46   
Run 5:
131072  16384  16384    10.00    15388.87   
Average: 131072.00,16386.80,16384.00,10.00,15934.06,0.00

