======evaluation round 1==========

{ "results": "

Experiment consisting of 8 runs and 1 request types:
	SaaSRequest


Load,          Duration,      Troughput,     Capacity,      Slow requests, Timing accuracy
------------------------------------------------------------------------------------------
25,            600s,          14312,         23.853,        0%,            1.261ms        
50,            600s,          29032,         48.387,        0%,            0.649ms        
75,            600s,          43573,         72.622,        0%,            0.459ms        
100,           600s,          58141,         96.902,        0%,            0.884ms        
125,           600s,          72805,         121.342,       0%,            1.339ms        
150,           600s,          87218,         145.363,       0%,            0.538ms        
175,           600s,          101884,        169.807,       0%,            0.337ms        
200,           600s,          116318,        193.863,       0%,            0.536ms        


Breakdown of residence times for SaaSRequest requests:

Load,          Min,           Max,           Mean,          Std. dev.,     Shape,         Scale          (successful)   (failed)       (error)        (conn_problem) (timed_out)    (redirected)   (no_result)    
25             9.543          152.724        26.368         11.913         4.899          5.382          14312          0              0              0              0              0              0              
50             8.911          7248.289       31.928         167.407        0.036          877.749        29032          0              0              0              0              0              0              
75             9.403          7187.92        30.995         113.366        0.075          414.636        43574          0              0              0              0              0              0              
100            8.586          7321.719       30.712         114.176        0.072          424.46         58144          0              0              0              0              0              0              
125            9.004          7289.868       28.778         89.483         0.103          278.245        72806          0              0              0              0              0              0              
150            9.451          7295.655       29.893         79.145         0.143          209.545        87218          0              0              0              0              0              0              
175            8.687          7199.302       28.743         75.421         0.145          197.907        101884         0              0              0              0              0              0              
200            9.383          7289.832       29.386         69.892         0.177          166.231        116331         0              0              0              0              0              0              


Percentiles of sampled residence times (only an approximation if residence_times_sample_fraction is set):

SaaSRequest (run 1, 25 users):
	50.0%	of requests handled in 25.379ms.
	90.0%	of requests handled in 37.335ms.
	95.0%	of requests handled in 51.574ms.
	99.0%	of requests handled in 74.177ms.
	99.9%	of requests handled in 95.996ms.
	99.99%	of requests handled in 149.849ms.

SaaSRequest (run 2, 50 users):
	50.0%	of requests handled in 25.35ms.
	90.0%	of requests handled in 34.183ms.
	95.0%	of requests handled in 40.722ms.
	99.0%	of requests handled in 72.689ms.
	99.9%	of requests handled in 3040.789ms.
	99.99%	of requests handled in 7210.316ms.

SaaSRequest (run 3, 75 users):
	50.0%	of requests handled in 25.67ms.
	90.0%	of requests handled in 36.357ms.
	95.0%	of requests handled in 45.306ms.
	99.0%	of requests handled in 77.216ms.
	99.9%	of requests handled in 1052.945ms.
	99.99%	of requests handled in 7122.147ms.

SaaSRequest (run 4, 100 users):
	50.0%	of requests handled in 24.903ms.
	90.0%	of requests handled in 36.577ms.
	95.0%	of requests handled in 47.224ms.
	99.0%	of requests handled in 78.783ms.
	99.9%	of requests handled in 1052.016ms.
	99.99%	of requests handled in 7154.136ms.

SaaSRequest (run 5, 125 users):
	50.0%	of requests handled in 24.94ms.
	90.0%	of requests handled in 35.292ms.
	95.0%	of requests handled in 43.668ms.
	99.0%	of requests handled in 75.107ms.
	99.9%	of requests handled in 1045.216ms.
	99.99%	of requests handled in 3064.594ms.

SaaSRequest (run 6, 150 users):
	50.0%	of requests handled in 25.734ms.
	90.0%	of requests handled in 36.829ms.
	95.0%	of requests handled in 46.018ms.
	99.0%	of requests handled in 77.12ms.
	99.9%	of requests handled in 1048.176ms.
	99.99%	of requests handled in 3064.639ms.

SaaSRequest (run 7, 175 users):
	50.0%	of requests handled in 25.739ms.
	90.0%	of requests handled in 36.24ms.
	95.0%	of requests handled in 44.669ms.
	99.0%	of requests handled in 75.571ms.
	99.9%	of requests handled in 1039.287ms.
	99.99%	of requests handled in 3068.388ms.

SaaSRequest (run 8, 200 users):
	50.0%	of requests handled in 26.005ms.
	90.0%	of requests handled in 36.987ms.
	95.0%	of requests handled in 46.281ms.
	99.0%	of requests handled in 76.668ms.
	99.9%	of requests handled in 1041.334ms.
	99.99%	of requests handled in 3065.833ms.

" }
======evaluation round 2==========

{ "results": "

Experiment consisting of 8 runs and 1 request types:
	SaaSRequest


Load,          Duration,      Troughput,     Capacity,      Slow requests, Timing accuracy
------------------------------------------------------------------------------------------
25,            600s,          14591,         24.318,        0%,            0.776ms        
50,            600s,          29189,         48.648,        0%,            0.68ms         
75,            600s,          43780,         72.967,        0%,            0.275ms        
100,           600s,          58358,         97.263,        0%,            0.522ms        
125,           600s,          72909,         121.515,       0%,            0.509ms        
150,           600s,          87483,         145.805,       0%,            0.694ms        
175,           600s,          102078,        170.13,        0%,            1.189ms        
200,           600s,          116686,        194.477,       0%,            0.43ms         


Breakdown of residence times for SaaSRequest requests:

Load,          Min,           Max,           Mean,          Std. dev.,     Shape,         Scale          (successful)   (failed)       (error)        (conn_problem) (timed_out)    (redirected)   (no_result)    
25             9.4            140.574        27.154         10.291         6.962          3.9            14591          0              0              0              0              0              0              
50             9.453          1039.336       26.382         12.527         4.435          5.948          29189          0              0              0              0              0              0              
75             8.17           1027.471       26.265         10.625         6.111          4.298          43780          0              0              0              0              0              0              
100            9.691          1050.772       26.298         12.88          4.169          6.309          58360          0              0              0              0              0              0              
125            8.268          280.754        26.579         10.704         6.166          4.311          72911          0              0              0              0              0              0              
150            9.008          154.072        26.809         10.294         6.783          3.953          87487          0              0              0              0              0              0              
175            9.224          193.153        26.657         10.609         6.314          4.222          102089         0              0              0              0              0              0              
200            9.395          1047.54        26.664         11.117         5.753          4.635          116686         0              0              0              0              0              0              


Percentiles of sampled residence times (only an approximation if residence_times_sample_fraction is set):

SaaSRequest (run 1, 25 users):
	50.0%	of requests handled in 26.256ms.
	90.0%	of requests handled in 35.604ms.
	95.0%	of requests handled in 46.982ms.
	99.0%	of requests handled in 70.093ms.
	99.9%	of requests handled in 92.176ms.
	99.99%	of requests handled in 124.617ms.

SaaSRequest (run 2, 50 users):
	50.0%	of requests handled in 25.777ms.
	90.0%	of requests handled in 34.506ms.
	95.0%	of requests handled in 39.848ms.
	99.0%	of requests handled in 68.81ms.
	99.9%	of requests handled in 93.172ms.
	99.99%	of requests handled in 197.588ms.

SaaSRequest (run 3, 75 users):
	50.0%	of requests handled in 25.65ms.
	90.0%	of requests handled in 34.542ms.
	95.0%	of requests handled in 39.921ms.
	99.0%	of requests handled in 65.729ms.
	99.9%	of requests handled in 99.365ms.
	99.99%	of requests handled in 125.556ms.

SaaSRequest (run 4, 100 users):
	50.0%	of requests handled in 25.752ms.
	90.0%	of requests handled in 34.574ms.
	95.0%	of requests handled in 40.224ms.
	99.0%	of requests handled in 68.243ms.
	99.9%	of requests handled in 103.758ms.
	99.99%	of requests handled in 140.993ms.

SaaSRequest (run 5, 125 users):
	50.0%	of requests handled in 25.764ms.
	90.0%	of requests handled in 35.906ms.
	95.0%	of requests handled in 43.098ms.
	99.0%	of requests handled in 70.792ms.
	99.9%	of requests handled in 107.41ms.
	99.99%	of requests handled in 146.889ms.

SaaSRequest (run 6, 150 users):
	50.0%	of requests handled in 26.043ms.
	90.0%	of requests handled in 35.891ms.
	95.0%	of requests handled in 43.03ms.
	99.0%	of requests handled in 70.097ms.
	99.9%	of requests handled in 101.971ms.
	99.99%	of requests handled in 130.293ms.

SaaSRequest (run 7, 175 users):
	50.0%	of requests handled in 25.816ms.
	90.0%	of requests handled in 35.827ms.
	95.0%	of requests handled in 43.45ms.
	99.0%	of requests handled in 70.658ms.
	99.9%	of requests handled in 104.647ms.
	99.99%	of requests handled in 159.891ms.

SaaSRequest (run 8, 200 users):
	50.0%	of requests handled in 25.858ms.
	90.0%	of requests handled in 35.496ms.
	95.0%	of requests handled in 42.34ms.
	99.0%	of requests handled in 70.35ms.
	99.9%	of requests handled in 104.066ms.
	99.99%	of requests handled in 136.955ms.

" }